[INFO  - 2016-12-21T14:26:03.018Z] GhostDriver - Main - running on port 43966
[INFO  - 2016-12-21T14:26:03.942Z] Session [67541730-c789-11e6-a2a4-edb004527f55] - page.settings - {"XSSAuditingEnabled":false,"javascriptCanCloseWindows":true,"javascriptCanOpenWindows":true,"javascriptEnabled":true,"loadImages":true,"localToRemoteUrlAccessEnabled":false,"userAgent":"Mozilla/5.0 (Unknown; Linux x86_64) AppleWebKit/538.1 (KHTML, like Gecko) PhantomJS/2.1.1 Safari/538.1","webSecurityEnabled":true}
[INFO  - 2016-12-21T14:26:03.942Z] Session [67541730-c789-11e6-a2a4-edb004527f55] - page.customHeaders:  - {}
[INFO  - 2016-12-21T14:26:03.942Z] Session [67541730-c789-11e6-a2a4-edb004527f55] - Session.negotiatedCapabilities - {"browserName":"phantomjs","version":"2.1.1","driverName":"ghostdriver","driverVersion":"1.2.0","platform":"linux-unknown-64bit","javascriptEnabled":true,"takesScreenshot":true,"handlesAlerts":false,"databaseEnabled":false,"locationContextEnabled":false,"applicationCacheEnabled":false,"browserConnectionEnabled":false,"cssSelectorsEnabled":true,"webStorageEnabled":false,"rotatable":false,"acceptSslCerts":false,"nativeEvents":true,"proxy":{"proxyType":"direct"}}
[INFO  - 2016-12-21T14:26:03.942Z] SessionManagerReqHand - _postNewSessionCommand - New Session Created: 67541730-c789-11e6-a2a4-edb004527f55
[ERROR - 2016-12-21T14:26:23.851Z] Session [67541730-c789-11e6-a2a4-edb004527f55] - page.onError - msg: undefined

  phantomjs://platform/console++.js:263 in error
[ERROR - 2016-12-21T14:26:23.852Z] Session [67541730-c789-11e6-a2a4-edb004527f55] - page.onError - stack:
  (ano[INFO  - 2016-12-21T14:28:39.804Z] SessionManagerReqHand - _cleanupWindowlessSessions - Asynchronous Sessions clean-up phase starting NOW
[INFO  - 2016-12-21T14:33:39.804Z] SessionManagerReqHand - _cleanupWindowlessSessions - Asynchronous Sessions clean-up phase starting NOW
[INFO  - 2016-12-21T14:38:39.807Z] SessionManagerReqHand - _cleanupWindowlessSessions - Asynchronous Sessions clean-up phase starting NOW
[INFO  - 2016-12-21T14:43:39.807Z] SessionManagerReqHand - _cleanupWindowlessSessions - Asynchronous Sessions clean-up phase starting NOW
[INFO  - 2016-12-21T14:48:39.810Z] SessionManagerReqHand - _cleanupWindowlessSessions - Asynchronous Sessions clean-up phase starting NOW
[INFO  - 2016-12-21T14:53:39.810Z] SessionManagerReqHand - _cleanupWindowlessSessions - Asynchronous Sessions clean-up phase starting NOW
[INFO  - 2016-12-22T06:14:17.718Z] SessionManagerReqHand - _cleanupWindowlessSessions - Asynchronous Sessions clean-up phase starting NOW
[INFO  - 2016-12-22T06:19:17.718Z] SessionManagerReqHand - _cleanupWindowlessSessions - Asynchronous Sessions clean-up phase starting NOW
[INFO  - 2016-12-22T06:24:17.718Z] SessionManagerReqHand - _cleanupWindowlessSessions - Asynchronous Sessions clean-up phase starting NOW
[INFO  - 2016-12-22T06:29:17.718Z] SessionManagerReqHand - _cleanupWindowlessSessions - Asynchronous Sessions clean-up phase starting NOW
[INFO  - 2016-12-22T06:34:17.718Z] SessionManagerReqHand - _cleanupWindowlessSessions - Asynchronous Sessions clean-up phase starting NOW
[INFO  - 2016-12-22T06:39:17.718Z] SessionManagerReqHand - _cleanupWindowlessSessions - Asynchronous Sessions clean-up phase starting NOW
 - Asynchronous Sessions clean-up phase starting NOW
[INFO  - 2016-12-22T06:38:22.889Z] SessionManagerReqHand - _cleanupWindowlessSessions - Asynchronous Sessions clean-up phase starting NOW
1T14:26:46.235Z] Session [67541730-c789-11e6-a2a4-edb004527f55] - page.onError - msg: undefined

  phantomjs://platform/console++.js:263 in error
[ERROR - 2016-12-21T14:26:46.235Z] Session [67541730-c789-11e6-a2a4-edb004527f55] - page.onError - stack:
  (anonymous function) (https://s7.addthis.com/js/300/addthis_widget.js#pubid=ra-54828cb901e9e86a:2)

  phantomjs://platform/console++.js:263 in error
[ERROR - 2016-12-21T14:26:49.520Z] Session [67541730-c789-11e6-a2a4-edb004527f55] - page.onError - msg: undefined

  phantomjs://platform/console++.js:263 in error
[ERROR - 2016-12-21T14:26:49.520Z] Session [67541730-c789-11e6-a2a4-edb004527f55] - page.onError - stack:
  (anonymous function) (https://s7.addthis.com/js/300/addthis_widget.js#pubid=ra-54828cb901e9e86a:2)

  phantomjs://platform/console++.js:263 in error
[ERROR - 2016-12-21T14:26:54.244Z] Session [67541730-c789-11e6-a2a4-edb004527f55] - page.onError - msg: undefined

  phantomjs://platform/console++.js:263 in error
[ERROR - 2016-12-21T14:26:54.244Z] Session [67541730-c789-11e6-a2a4-edb004527f55] - page.onError - stack:
  (anonymous function) (https://s7.addthis.com/js/300/addthis_widget.js#pubid=ra-54828cb901e9e86a:2)

  phantomjs://platform/console++.js:263 in error
[ERROR - 2016-12-21T14:27:09.663Z] Session [67541730-c789-11e6-a2a4-edb004527f55] - page.onError - msg: undefined

  phantomjs://platform/console++.js:263 in error
[ERROR - 2016-12-21T14:27:09.663Z] Session [67541730-c789-11e6-a2a4-edb004527f55] - page.onError - stack:
  (anonymous function) (https://s7.addthis.com/js/300/addthis_widget.js#pubid=ra-54828cb901e9e86a:2)

  phantomjs://platform/console++.js:263 in error
[ERROR - 2016-12-21T14:27:14.279Z] Session [67541730-c789-11e6-a2a4-edb004527f55] - page.onError - msg: undefined

  phantomjs://platform/console++.js:263 in error
[ERROR - 2016-12-21T14:27:14.279Z] Session [67541730-c789-11e6-a2a4-edb004527f55] - page.onError - stack:
  (anonymous function) (https://s7.addthis.com/js/300/addthis_widget.js#pubid=ra-54828cb901e9e86a:2)

  phantomjs://platform/console++.js:263 in error
[ERROR - 2016-12-21T14:27:18.472Z] Session [67541730-c789-11e6-a2a4-edb004527f55] - page.onError - msg: undefined

  phantomjs://platform/console++.js:263 in error
[ERROR - 2016-12-21T14:27:18.472Z] Session [67541730-c789-11e6-a2a4-edb004527f55] - page.onError - stack:
  (anonymous function) (https://s7.addthis.com/js/300/addthis_widget.js#pubid=ra-54828cb901e9e86a:2)

  phantomjs://platform/console++.js:263 in error
[ERROR - 2016-12-21T14:27:22.540Z] Session [67541730-c789-11e6-a2a4-edb004527f55] - page.onError - msg: undefined

  phantomjs://platform/console++.js:263 in error
[ERROR - 2016-12-21T14:27:22.540Z] Session [67541730-c789-11e6-a2a4-edb004527f55] - page.onError - stack:
  (anonymous function) (https://s7.addthis.com/js/300/addthis_widget.js#pubid=ra-54828cb901e9e86a:2)

  phantomjs://platform/console++.js:263 in error
[ERROR - 2016-12-21T14:27:26.950Z] Session [67541730-c789-11e6-a2a4-edb004527f55] - page.onError - msg: undefined

  phantomjs://platform/console++.js:263 in error
[ERROR - 2016-12-21T14:27:26.950Z] Session [67541730-c789-11e6-a2a4-edb004527f55] - page.onError - stack:
  (anonymous function) (https://s7.addthis.com/js/300/addthis_widget.js#pubid=ra-54828cb901e9e86a:2)

  phantomjs://platform/console++.js:263 in error
[ERROR - 2016-12-21T14:27:32.262Z] Session [67541730-c789-11e6-a2a4-edb004527f55] - page.onError - msg: undefined

  phantomjs://platform/console++.js:263 in error
[ERROR - 2016-12-21T14:27:32.262Z] Session [67541730-c789-11e6-a2a4-edb004527f55] - page.onError - stack:
  (anonymous function) (https://s7.addthis.com/js/300/addthis_widget.js#pubid=ra-54828cb901e9e86a:2)

  phantomjs://platform/console++.js:263 in error
[ERROR - 2016-12-21T14:27:37.902Z] Session [67541730-c789-11e6-a2a4-edb004527f55] - page.onError - msg: undefined

  phantomjs://platform/console++.js:263 in error
[ERROR - 2016-12-21T14:27:37.902Z] Session [67541730-c789-11e6-a2a4-edb004527f55] - page.onError - stack:
  (anonymous function) (https://s7.addthis.com/js/300/addthis_widget.js#pubid=ra-54828cb901e9e86a:2)

  phantomjs://platform/console++.js:263 in error
[ERROR - 2016-12-21T14:27:43.102Z] Session [67541730-c789-11e6-a2a4-edb004527f55] - page.onError - msg: undefined

  phantomjs://platform/console++.js:263 in error
[ERROR - 2016-12-21T14:27:43.102Z] Session [67541730-c789-11e6-a2a4-edb004527f55] - page.onError - stack:
  (anonymous function) (https://s7.addthis.com/js/300/addthis_widget.js#pubid=ra-54828cb901e9e86a:2)

  phantomjs://platform/console++.js:263 in error
[ERROR - 2016-12-21T14:27:45.450Z] Session [67541730-c789-11e6-a2a4-edb004527f55] - page.onError - msg: undefined

  phantomjs://platform/console++.js:263 in error
[ERROR - 2016-12-21T14:27:45.450Z] Session [67541730-c789-11e6-a2a4-edb004527f55] - page.onError - stack:
  (anonymous function) (https://s7.addthis.com/js/300/addthis_widget.js#pubid=ra-54828cb901e9e86a:2)

  phantomjs://platform/console++.js:263 in error
[ERROR - 2016-12-21T14:28:01.245Z] Session [67541730-c789-11e6-a2a4-edb004527f55] - page.onError - msg: undefined

  phantomjs://platform/console++.js:263 in error
[ERROR - 2016-12-21T14:28:01.245Z] Session [67541730-c789-11e6-a2a4-edb004527f55] - page.onError - stack:
  (anonymous function) (https://s7.addthis.com/js/300/addthis_widget.js#pubid=ra-54828cb901e9e86a:2)

  phantomjs://platform/console++.js:263 in error
[ERROR - 2016-12-21T14:28:06.164Z] Session [67541730-c789-11e6-a2a4-edb004527f55] - page.onError - msg: undefined

  phantomjs://platform/console++.js:263 in error
[ERROR - 2016-12-21T14:28:06.165Z] Session [67541730-c789-11e6-a2a4-edb004527f55] - page.onError - stack:
  (anonymous function) (https://s7.addthis.com/js/300/addthis_widget.js#pubid=ra-54828cb901e9e86a:2)

  phantomjs://platform/console++.js:263 in error
[ERROR - 2016-12-21T14:28:11.631Z] Session [67541730-c789-11e6-a2a4-edb004527f55] - page.onError - msg: undefined

  phantomjs://platform/console++.js:263 in error
[ERROR - 2016-12-21T14:28:11.631Z] Session [67541730-c789-11e6-a2a4-edb004527f55] - page.onError - stack:
  (anonymous function) (https://s7.addthis.com/js/300/addthis_widget.js#pubid=ra-54828cb901e9e86a:2)

  phantomjs://platform/console++.js:263 in error
[ERROR - 2016-12-21T14:28:31.641Z] Session [67541730-c789-11e6-a2a4-edb004527f55] - page.onError - msg: undefined

  phantomjs://platform/console++.js:263 in error
[ERROR - 2016-12-21T14:28:31.641Z] Session [67541730-c789-11e6-a2a4-edb004527f55] - page.onError - stack:
  (anonymous function) (https://s7.addthis.com/js/300/addthis_widget.js#pubid=ra-54828cb901e9e86a:2)

  phantomjs://platform/console++.js:263 in error
[ERROR - 2016-12-21T14:28:37.130Z] Session [67541730-c789-11e6-a2a4-edb004527f55] - page.onError - msg: undefined

  phantomjs://platform/console++.js:263 in error
[ERROR - 2016-12-21T14:28:37.130Z] Session [67541730-c789-11e6-a2a4-edb004527f55] - page.onError - stack:
  (anonymous function) (https://s7.addthis.com/js/300/addthis_widget.js#pubid=ra-54828cb901e9e86a:2)

  phantomjs://platform/console++.js:263 in error
[ERROR - 2016-12-21T14:28:48.772Z] Session [67541730-c789-11e6-a2a4-edb004527f55] - page.onError - msg: undefined

  phantomjs://platform/console++.js:263 in error
[ERROR - 2016-12-21T14:28:48.772Z] Session [67541730-c789-11e6-a2a4-edb004527f55] - page.onError - stack:
  (anonymous function) (https://s7.addthis.com/js/300/addthis_widget.js#pubid=ra-54828cb901e9e86a:2)

  phantomjs://platform/console++.js:263 in error
[ERROR - 2016-12-21T14:28:59.174Z] Session [67541730-c789-11e6-a2a4-edb004527f55] - page.onError - msg: undefined

  phantomjs://platform/console++.js:263 in error
[ERROR - 2016-12-21T14:28:59.174Z] Session [67541730-c789-11e6-a2a4-edb004527f55] - page.onError - stack:
  (anonymous function) (https://s7.addthis.com/js/300/addthis_widget.js#pubid=ra-54828cb901e9e86a:2)

  phantomjs://platform/console++.js:263 in error
[ERROR - 2016-12-21T14:29:02.602Z] Session [67541730-c789-11e6-a2a4-edb004527f55] - page.onError - msg: undefined

  phantomjs://platform/console++.js:263 in error
[ERROR - 2016-12-21T14:29:02.602Z] Session [67541730-c789-11e6-a2a4-edb004527f55] - page.onError - stack:
  (anonymous function) (https://s7.addthis.com/js/300/addthis_widget.js#pubid=ra-54828cb901e9e86a:2)

  phantomjs://platform/console++.js:263 in error
[ERROR - 2016-12-21T14:29:09.973Z] Session [67541730-c789-11e6-a2a4-edb004527f55] - page.onError - msg: undefined

  phantomjs://platform/console++.js:263 in error
[ERROR - 2016-12-21T14:29:09.973Z] Session [67541730-c789-11e6-a2a4-edb004527f55] - page.onError - stack:
  (anonymous function) (https://s7.addthis.com/js/300/addthis_widget.js#pubid=ra-54828cb901e9e86a:2)

  phantomjs://platform/console++.js:263 in error
[ERROR - 2016-12-21T14:29:15.574Z] Session [67541730-c789-11e6-a2a4-edb004527f55] - page.onError - msg: undefined

  phantomjs://platform/console++.js:263 in error
[ERROR - 2016-12-21T14:29:15.574Z] Session [67541730-c789-11e6-a2a4-edb004527f55] - page.onError - stack:
  (anonymous function) (https://s7.addthis.com/js/300/addthis_widget.js#pubid=ra-54828cb901e9e86a:2)

  phantomjs://platform/console++.js:263 in error
[ERROR - 2016-12-21T14:29:22.662Z] Session [67541730-c789-11e6-a2a4-edb004527f55] - page.onError - msg: undefined

  phantomjs://platform/console++.js:263 in error
[ERROR - 2016-12-21T14:29:22.662Z] Session [67541730-c789-11e6-a2a4-edb004527f55] - page.onError - stack:
  (anonymous function) (https://s7.addthis.com/js/300/addthis_widget.js#pubid=ra-54828cb901e9e86a:2)

  phantomjs://platform/console++.js:263 in error
[ERROR - 2016-12-21T14:29:25.127Z] Session [67541730-c789-11e6-a2a4-edb004527f55] - page.onError - msg: undefined

  phantomjs://platform/console++.js:263 in error
[ERROR - 2016-12-21T14:29:25.127Z] Session [67541730-c789-11e6-a2a4-edb004527f55] - page.onError - stack:
  (anonymous function) (https://s7.addthis.com/js/300/addthis_widget.js#pubid=ra-54828cb901e9e86a:2)

  phantomjs://platform/console++.js:263 in error
[ERROR - 2016-12-21T14:29:34.684Z] Session [67541730-c789-11e6-a2a4-edb004527f55] - page.onError - msg: undefined

  phantomjs://platform/console++.js:263 in error
[ERROR - 2016-12-21T14:29:34.684Z] Session [67541730-c789-11e6-a2a4-edb004527f55] - page.onError - stack:
  (anonymous function) (https://s7.addthis.com/js/300/addthis_widget.js#pubid=ra-54828cb901e9e86a:2)

  phantomjs://platform/console++.js:263 in error
[ERROR - 2016-12-21T14:29:41.882Z] Session [67541730-c789-11e6-a2a4-edb004527f55] - page.onError - msg: undefined

  phantomjs://platform/console++.js:263 in error
[ERROR - 2016-12-21T14:29:41.882Z] Session [67541730-c789-11e6-a2a4-edb004527f55] - page.onError - stack:
  (anonymous function) (https://s7.addthis.com/js/300/addthis_widget.js#pubid=ra-54828cb901e9e86a:2)

  phantomjs://platform/console++.js:263 in error
[ERROR - 2016-12-21T14:29:45.107Z] Session [67541730-c789-11e6-a2a4-edb004527f55] - page.onError - msg: undefined

  phantomjs://platform/console++.js:263 in error
[ERROR - 2016-12-21T14:29:45.108Z] Session [67541730-c789-11e6-a2a4-edb004527f55] - page.onError - stack:
  (anonymous function) (https://s7.addthis.com/js/300/addthis_widget.js#pubid=ra-54828cb901e9e86a:2)

  phantomjs://platform/console++.js:263 in error
[ERROR - 2016-12-21T14:29:47.258Z] Session [67541730-c789-11e6-a2a4-edb004527f55] - page.onError - msg: undefined

  phantomjs://platform/console++.js:263 in error
[ERROR - 2016-12-21T14:29:47.258Z] Session [67541730-c789-11e6-a2a4-edb004527f55] - page.onError - stack:
  (anonymous function) (https://s7.addthis.com/js/300/addthis_widget.js#pubid=ra-54828cb901e9e86a:2)

  phantomjs://platform/console++.js:263 in error
[ERROR - 2016-12-21T14:29:52.264Z] Session [67541730-c789-11e6-a2a4-edb004527f55] - page.onError - msg: undefined

  phantomjs://platform/console++.js:263 in error
[ERROR - 2016-12-21T14:29:52.264Z] Session [67541730-c789-11e6-a2a4-edb004527f55] - page.onError - stack:
  (anonymous function) (https://s7.addthis.com/js/300/addthis_widget.js#pubid=ra-54828cb901e9e86a:2)

  phantomjs://platform/console++.js:263 in error
[ERROR - 2016-12-21T14:30:00.191Z] Session [67541730-c789-11e6-a2a4-edb004527f55] - page.onError - msg: undefined

  phantomjs://platform/console++.js:263 in error
[ERROR - 2016-12-21T14:30:00.191Z] Session [67541730-c789-11e6-a2a4-edb004527f55] - page.onError - stack:
  (anonymous function) (https://s7.addthis.com/js/300/addthis_widget.js#pubid=ra-54828cb901e9e86a:2)

  phantomjs://platform/console++.js:263 in error
[ERROR - 2016-12-21T14:30:07.928Z] Session [67541730-c789-11e6-a2a4-edb004527f55] - page.onError - msg: undefined

  phantomjs://platform/console++.js:263 in error
[ERROR - 2016-12-21T14:30:07.929Z] Session [67541730-c789-11e6-a2a4-edb004527f55] - page.onError - stack:
  (anonymous function) (https://s7.addthis.com/js/300/addthis_widget.js#pubid=ra-54828cb901e9e86a:2)

  phantomjs://platform/console++.js:263 in error
[ERROR - 2016-12-21T14:30:24.243Z] Session [67541730-c789-11e6-a2a4-edb004527f55] - page.onError - msg: undefined

  phantomjs://platform/console++.js:263 in error
[ERROR - 2016-12-21T14:30:24.243Z] Session [67541730-c789-11e6-a2a4-edb004527f55] - page.onError - stack:
  (anonymous function) (https://s7.addthis.com/js/300/addthis_widget.js#pubid=ra-54828cb901e9e86a:2)

  phantomjs://platform/console++.js:263 in error
[ERROR - 2016-12-21T14:30:36.678Z] Session [67541730-c789-11e6-a2a4-edb004527f55] - page.onError - msg: undefined

  phantomjs://platform/console++.js:263 in error
[ERROR - 2016-12-21T14:30:36.678Z] Session [67541730-c789-11e6-a2a4-edb004527f55] - page.onError - stack:
  (anonymous function) (https://s7.addthis.com/js/300/addthis_widget.js#pubid=ra-54828cb901e9e86a:2)

  phantomjs://platform/console++.js:263 in error
[ERROR - 2016-12-21T14:30:41.154Z] Session [67541730-c789-11e6-a2a4-edb004527f55] - page.onError - msg: undefined

  phantomjs://platform/console++.js:263 in error
[ERROR - 2016-12-21T14:30:41.154Z] Session [67541730-c789-11e6-a2a4-edb004527f55] - page.onError - stack:
  (anonymous function) (https://s7.addthis.com/js/300/addthis_widget.js#pubid=ra-54828cb901e9e86a:2)

  phantomjs://platform/console++.js:263 in error
[ERROR - 2016-12-21T14:30:50.919Z] Session [67541730-c789-11e6-a2a4-edb004527f55] - page.onError - msg: undefined

  phantomjs://platform/console++.js:263 in error
[ERROR - 2016-12-21T14:30:50.919Z] Session [67541730-c789-11e6-a2a4-edb004527f55] - page.onError - stack:
  (anonymous function) (https://s7.addthis.com/js/300/addthis_widget.js#pubid=ra-54828cb901e9e86a:2)

  phantomjs://platform/console++.js:263 in error
[ERROR - 2016-12-21T14:30:53.810Z] Session [67541730-c789-11e6-a2a4-edb004527f55] - page.onError - msg: undefined

  phantomjs://platform/console++.js:263 in error
[ERROR - 2016-12-21T14:30:53.810Z] Session [67541730-c789-11e6-a2a4-edb004527f55] - page.onError - stack:
  (anonymous function) (https://s7.addthis.com/js/300/addthis_widget.js#pubid=ra-54828cb901e9e86a:2)

  phantomjs://platform/console++.js:263 in error
[ERROR - 2016-12-21T14:30:56.549Z] Session [67541730-c789-11e6-a2a4-edb004527f55] - page.onError - msg: undefined

  phantomjs://platform/console++.js:263 in error
[ERROR - 2016-12-21T14:30:56.549Z] Session [67541730-c789-11e6-a2a4-edb004527f55] - page.onError - stack:
  (anonymous function) (https://s7.addthis.com/js/300/addthis_widget.js#pubid=ra-54828cb901e9e86a:2)

  phantomjs://platform/console++.js:263 in error
[ERROR - 2016-12-21T14:31:00.737Z] Session [67541730-c789-11e6-a2a4-edb004527f55] - page.onError - msg: undefined

  phantomjs://platform/console++.js:263 in error
[ERROR - 2016-12-21T14:31:00.737Z] Session [67541730-c789-11e6-a2a4-edb004527f55] - page.onError - stack:
  (anonymous function) (https://s7.addthis.com/js/300/addthis_widget.js#pubid=ra-54828cb901e9e86a:2)

  phantomjs://platform/console++.js:263 in error
[INFO  - 2016-12-21T14:31:03.017Z] SessionManagerReqHand - _cleanupWindowlessSessions - Asynchronous Sessions clean-up phase starting NOW
[ERROR - 2016-12-21T14:31:05.138Z] Session [67541730-c789-11e6-a2a4-edb004527f55] - page.onError - msg: undefined

  phantomjs://platform/console++.js:263 in error
[ERROR - 2016-12-21T14:31:05.138Z] Session [67541730-c789-11e6-a2a4-edb004527f55] - page.onError - stack:
  (anonymous function) (https://s7.addthis.com/js/300/addthis_widget.js#pubid=ra-54828cb901e9e86a:2)

  phantomjs://platform/console++.js:263 in error
[ERROR - 2016-12-21T14:31:08.422Z] Session [67541730-c789-11e6-a2a4-edb004527f55] - page.onError - msg: undefined

  phantomjs://platform/console++.js:263 in error
[ERROR - 2016-12-21T14:31:08.422Z] Session [67541730-c789-11e6-a2a4-edb004527f55] - page.onError - stack:
  (anonymous function) (https://s7.addthis.com/js/300/addthis_widget.js#pubid=ra-54828cb901e9e86a:2)

  phantomjs://platform/console++.js:263 in error
[ERROR - 2016-12-21T14:31:12.567Z] Session [67541730-c789-11e6-a2a4-edb004527f55] - page.onError - msg: undefined

  phantomjs://platform/console++.js:263 in error
[ERROR - 2016-12-21T14:31:12.567Z] Session [67541730-c789-11e6-a2a4-edb004527f55] - page.onError - stack:
  (anonymous function) (https://s7.addthis.com/js/300/addthis_widget.js#pubid=ra-54828cb901e9e86a:2)

  phantomjs://platform/console++.js:263 in error
[ERROR - 2016-12-21T14:31:15.230Z] Session [67541730-c789-11e6-a2a4-edb004527f55] - page.onError - msg: undefined

  phantomjs://platform/console++.js:263 in error
[ERROR - 2016-12-21T14:31:15.230Z] Session [67541730-c789-11e6-a2a4-edb004527f55] - page.onError - stack:
  (anonymous function) (https://s7.addthis.com/js/300/addthis_widget.js#pubid=ra-54828cb901e9e86a:2)

  phantomjs://platform/console++.js:263 in error
[ERROR - 2016-12-21T14:31:17.783Z] Session [67541730-c789-11e6-a2a4-edb004527f55] - page.onError - msg: undefined

  phantomjs://platform/console++.js:263 in error
[ERROR - 2016-12-21T14:31:17.783Z] Session [67541730-c789-11e6-a2a4-edb004527f55] - page.onError - stack:
  (anonymous function) (https://s7.addthis.com/js/300/addthis_widget.js#pubid=ra-54828cb901e9e86a:2)

  phantomjs://platform/console++.js:263 in error
[ERROR - 2016-12-21T14:31:23.835Z] Session [67541730-c789-11e6-a2a4-edb004527f55] - page.onError - msg: undefined

  phantomjs://platform/console++.js:263 in error
[ERROR - 2016-12-21T14:31:23.835Z] Session [67541730-c789-11e6-a2a4-edb004527f55] - page.onError - stack:
  (anonymous function) (https://s7.addthis.com/js/300/addthis_widget.js#pubid=ra-54828cb901e9e86a:2)

  phantomjs://platform/console++.js:263 in error
[ERROR - 2016-12-21T14:31:28.623Z] Session [67541730-c789-11e6-a2a4-edb004527f55] - page.onError - msg: undefined

  phantomjs://platform/console++.js:263 in error
[ERROR - 2016-12-21T14:31:28.623Z] Session [67541730-c789-11e6-a2a4-edb004527f55] - page.onError - stack:
  (anonymous function) (https://s7.addthis.com/js/300/addthis_widget.js#pubid=ra-54828cb901e9e86a:2)

  phantomjs://platform/console++.js:263 in error
[ERROR - 2016-12-21T14:31:30.912Z] Session [67541730-c789-11e6-a2a4-edb004527f55] - page.onError - msg: undefined

  phantomjs://platform/console++.js:263 in error
[ERROR - 2016-12-21T14:31:30.912Z] Session [67541730-c789-11e6-a2a4-edb004527f55] - page.onError - stack:
  (anonymous function) (https://s7.addthis.com/js/300/addthis_widget.js#pubid=ra-54828cb901e9e86a:2)

  phantomjs://platform/console++.js:263 in error
[ERROR - 2016-12-21T14:31:36.326Z] Session [67541730-c789-11e6-a2a4-edb004527f55] - page.onError - msg: undefined

  phantomjs://platform/console++.js:263 in error
[ERROR - 2016-12-21T14:31:36.326Z] Session [67541730-c789-11e6-a2a4-edb004527f55] - page.onError - stack:
  (anonymous function) (https://s7.addthis.com/js/300/addthis_widget.js#pubid=ra-54828cb901e9e86a:2)

  phantomjs://platform/console++.js:263 in error
[ERROR - 2016-12-21T14:31:38.635Z] Session [67541730-c789-11e6-a2a4-edb004527f55] - page.onError - msg: undefined

  phantomjs://platform/console++.js:263 in error
[ERROR - 2016-12-21T14:31:38.635Z] Session [67541730-c789-11e6-a2a4-edb004527f55] - page.onError - stack:
  (anonymous function) (https://s7.addthis.com/js/300/addthis_widget.js#pubid=ra-54828cb901e9e86a:2)

  phantomjs://platform/console++.js:263 in error
[ERROR - 2016-12-21T14:31:42.338Z] Session [67541730-c789-11e6-a2a4-edb004527f55] - page.onError - msg: undefined

  phantomjs://platform/console++.js:263 in error
[ERROR - 2016-12-21T14:31:42.338Z] Session [67541730-c789-11e6-a2a4-edb004527f55] - page.onError - stack:
  (anonymous function) (https://s7.addthis.com/js/300/addthis_widget.js#pubid=ra-54828cb901e9e86a:2)

  phantomjs://platform/console++.js:263 in error
[ERROR - 2016-12-21T14:31:51.267Z] Session [67541730-c789-11e6-a2a4-edb004527f55] - page.onError - msg: undefined

  phantomjs://platform/console++.js:263 in error
[ERROR - 2016-12-21T14:31:51.267Z] Session [67541730-c789-11e6-a2a4-edb004527f55] - page.onError - stack:
  (anonymous function) (https://s7.addthis.com/js/300/addthis_widget.js#pubid=ra-54828cb901e9e86a:2)

  phantomjs://platform/console++.js:263 in error
[ERROR - 2016-12-21T14:31:54.438Z] Session [67541730-c789-11e6-a2a4-edb004527f55] - page.onError - msg: undefined

  phantomjs://platform/console++.js:263 in error
[ERROR - 2016-12-21T14:31:54.438Z] Session [67541730-c789-11e6-a2a4-edb004527f55] - page.onError - stack:
  (anonymous function) (https://s7.addthis.com/js/300/addthis_widget.js#pubid=ra-54828cb901e9e86a:2)

  phantomjs://platform/console++.js:263 in error
[ERROR - 2016-12-21T14:32:04.456Z] Session [67541730-c789-11e6-a2a4-edb004527f55] - page.onError - msg: undefined

  phantomjs://platform/console++.js:263 in error
[ERROR - 2016-12-21T14:32:04.456Z] Session [67541730-c789-11e6-a2a4-edb004527f55] - page.onError - stack:
  (anonymous function) (https://s7.addthis.com/js/300/addthis_widget.js#pubid=ra-54828cb901e9e86a:2)

  phantomjs://platform/console++.js:263 in error
[ERROR - 2016-12-21T14:32:06.828Z] Session [67541730-c789-11e6-a2a4-edb004527f55] - page.onError - msg: undefined

  phantomjs://platform/console++.js:263 in error
[ERROR - 2016-12-21T14:32:06.828Z] Session [67541730-c789-11e6-a2a4-edb004527f55] - page.onError - stack:
  (anonymous function) (https://s7.addthis.com/js/300/addthis_widget.js#pubid=ra-54828cb901e9e86a:2)

  phantomjs://platform/console++.js:263 in error
[ERROR - 2016-12-21T14:32:15.370Z] Session [67541730-c789-11e6-a2a4-edb004527f55] - page.onError - msg: undefined

  phantomjs://platform/console++.js:263 in error
[ERROR - 2016-12-21T14:32:15.370Z] Session [67541730-c789-11e6-a2a4-edb004527f55] - page.onError - stack:
  (anonymous function) (https://s7.addthis.com/js/300/addthis_widget.js#pubid=ra-54828cb901e9e86a:2)

  phantomjs://platform/console++.js:263 in error
[ERROR - 2016-12-21T14:32:20.322Z] Session [67541730-c789-11e6-a2a4-edb004527f55] - page.onError - msg: undefined

  phantomjs://platform/console++.js:263 in error
[ERROR - 2016-12-21T14:32:20.322Z] Session [67541730-c789-11e6-a2a4-edb004527f55] - page.onError - stack:
  (anonymous function) (https://s7.addthis.com/js/300/addthis_widget.js#pubid=ra-54828cb901e9e86a:2)

  phantomjs://platform/console++.js:263 in error
[ERROR - 2016-12-21T14:32:37.656Z] Session [67541730-c789-11e6-a2a4-edb004527f55] - page.onError - msg: undefined

  phantomjs://platform/console++.js:263 in error
[ERROR - 2016-12-21T14:32:37.656Z] Session [67541730-c789-11e6-a2a4-edb004527f55] - page.onError - stack:
  (anonymous function) (https://s7.addthis.com/js/300/addthis_widget.js#pubid=ra-54828cb901e9e86a:2)

  phantomjs://platform/console++.js:263 in error
[ERROR - 2016-12-21T14:32:43.282Z] Session [67541730-c789-11e6-a2a4-edb004527f55] - page.onError - msg: undefined

  phantomjs://platform/console++.js:263 in error
[ERROR - 2016-12-21T14:32:43.282Z] Session [67541730-c789-11e6-a2a4-edb004527f55] - page.onError - stack:
  (anonymous function) (https://s7.addthis.com/js/300/addthis_widget.js#pubid=ra-54828cb901e9e86a:2)

  phantomjs://platform/console++.js:263 in error
[ERROR - 2016-12-21T14:32:45.812Z] Session [67541730-c789-11e6-a2a4-edb004527f55] - page.onError - msg: undefined

  phantomjs://platform/console++.js:263 in error
[ERROR - 2016-12-21T14:32:45.812Z] Session [67541730-c789-11e6-a2a4-edb004527f55] - page.onError - stack:
  (anonymous function) (https://s7.addthis.com/js/300/addthis_widget.js#pubid=ra-54828cb901e9e86a:2)

  phantomjs://platform/console++.js:263 in error
[ERROR - 2016-12-21T14:32:49.219Z] Session [67541730-c789-11e6-a2a4-edb004527f55] - page.onError - msg: undefined

  phantomjs://platform/console++.js:263 in error
[ERROR - 2016-12-21T14:32:49.219Z] Session [67541730-c789-11e6-a2a4-edb004527f55] - page.onError - stack:
  (anonymous function) (https://s7.addthis.com/js/300/addthis_widget.js#pubid=ra-54828cb901e9e86a:2)

  phantomjs://platform/console++.js:263 in error
[ERROR - 2016-12-21T14:32:51.863Z] Session [67541730-c789-11e6-a2a4-edb004527f55] - page.onError - msg: undefined

  phantomjs://platform/console++.js:263 in error
[ERROR - 2016-12-21T14:32:51.863Z] Session [67541730-c789-11e6-a2a4-edb004527f55] - page.onError - stack:
  (anonymous function) (https://s7.addthis.com/js/300/addthis_widget.js#pubid=ra-54828cb901e9e86a:2)

  phantomjs://platform/console++.js:263 in error
[ERROR - 2016-12-21T14:32:54.004Z] Session [67541730-c789-11e6-a2a4-edb004527f55] - page.onError - msg: undefined

  phantomjs://platform/console++.js:263 in error
[ERROR - 2016-12-21T14:32:54.004Z] Session [67541730-c789-11e6-a2a4-edb004527f55] - page.onError - stack:
  (anonymous function) (https://s7.addthis.com/js/300/addthis_widget.js#pubid=ra-54828cb901e9e86a:2)

  phantomjs://platform/console++.js:263 in error
[ERROR - 2016-12-21T14:32:57.508Z] Session [67541730-c789-11e6-a2a4-edb004527f55] - page.onError - msg: undefined

  phantomjs://platform/console++.js:263 in error
[ERROR - 2016-12-21T14:32:57.508Z] Session [67541730-c789-11e6-a2a4-edb004527f55] - page.onError - stack:
  (anonymous function) (https://s7.addthis.com/js/300/addthis_widget.js#pubid=ra-54828cb901e9e86a:2)

  phantomjs://platform/console++.js:263 in error
[ERROR - 2016-12-21T14:33:00.095Z] Session [67541730-c789-11e6-a2a4-edb004527f55] - page.onError - msg: undefined

  phantomjs://platform/console++.js:263 in error
[ERROR - 2016-12-21T14:33:00.095Z] Session [67541730-c789-11e6-a2a4-edb004527f55] - page.onError - stack:
  (anonymous function) (https://s7.addthis.com/js/300/addthis_widget.js#pubid=ra-54828cb901e9e86a:2)

  phantomjs://platform/console++.js:263 in error
[ERROR - 2016-12-21T14:33:02.518Z] Session [67541730-c789-11e6-a2a4-edb004527f55] - page.onError - msg: undefined

  phantomjs://platform/console++.js:263 in error
[ERROR - 2016-12-21T14:33:02.518Z] Session [67541730-c789-11e6-a2a4-edb004527f55] - page.onError - stack:
  (anonymous function) (https://s7.addthis.com/js/300/addthis_widget.js#pubid=ra-54828cb901e9e86a:2)

  phantomjs://platform/console++.js:263 in error
[ERROR - 2016-12-21T14:33:04.763Z] Session [67541730-c789-11e6-a2a4-edb004527f55] - page.onError - msg: undefined

  phantomjs://platform/console++.js:263 in error
[ERROR - 2016-12-21T14:33:04.763Z] Session [67541730-c789-11e6-a2a4-edb004527f55] - page.onError - stack:
  (anonymous function) (https://s7.addthis.com/js/300/addthis_widget.js#pubid=ra-54828cb901e9e86a:2)

  phantomjs://platform/console++.js:263 in error
[ERROR - 2016-12-21T14:33:09.822Z] Session [67541730-c789-11e6-a2a4-edb004527f55] - page.onError - msg: undefined

  phantomjs://platform/console++.js:263 in error
[ERROR - 2016-12-21T14:33:09.822Z] Session [67541730-c789-11e6-a2a4-edb004527f55] - page.onError - stack:
  (anonymous function) (https://s7.addthis.com/js/300/addthis_widget.js#pubid=ra-54828cb901e9e86a:2)

  phantomjs://platform/console++.js:263 in error
[ERROR - 2016-12-21T14:33:15.041Z] Session [67541730-c789-11e6-a2a4-edb004527f55] - page.onError - msg: undefined

  phantomjs://platform/console++.js:263 in error
[ERROR - 2016-12-21T14:33:15.041Z] Session [67541730-c789-11e6-a2a4-edb004527f55] - page.onError - stack:
  (anonymous function) (https://s7.addthis.com/js/300/addthis_widget.js#pubid=ra-54828cb901e9e86a:2)

  phantomjs://platform/console++.js:263 in error
[ERROR - 2016-12-21T14:33:18.766Z] Session [67541730-c789-11e6-a2a4-edb004527f55] - page.onError - msg: undefined

  phantomjs://platform/console++.js:263 in error
[ERROR - 2016-12-21T14:33:18.766Z] Session [67541730-c789-11e6-a2a4-edb004527f55] - page.onError - stack:
  (anonymous function) (https://s7.addthis.com/js/300/addthis_widget.js#pubid=ra-54828cb901e9e86a:2)

  phantomjs://platform/console++.js:263 in error
[ERROR - 2016-12-21T14:33:21.229Z] Session [67541730-c789-11e6-a2a4-edb004527f55] - page.onError - msg: undefined

  phantomjs://platform/console++.js:263 in error
[ERROR - 2016-12-21T14:33:21.229Z] Session [67541730-c789-11e6-a2a4-edb004527f55] - page.onError - stack:
  (anonymous function) (https://s7.addthis.com/js/300/addthis_widget.js#pubid=ra-54828cb901e9e86a:2)

  phantomjs://platform/console++.js:263 in error
[ERROR - 2016-12-21T14:33:24.119Z] Session [67541730-c789-11e6-a2a4-edb004527f55] - page.onError - msg: undefined

  phantomjs://platform/console++.js:263 in error
[ERROR - 2016-12-21T14:33:24.119Z] Session [67541730-c789-11e6-a2a4-edb004527f55] - page.onError - stack:
  (anonymous function) (https://s7.addthis.com/js/300/addthis_widget.js#pubid=ra-54828cb901e9e86a:2)

  phantomjs://platform/console++.js:263 in error
[ERROR - 2016-12-21T14:33:26.744Z] Session [67541730-c789-11e6-a2a4-edb004527f55] - page.onError - msg: undefined

  phantomjs://platform/console++.js:263 in error
[ERROR - 2016-12-21T14:33:26.744Z] Session [67541730-c789-11e6-a2a4-edb004527f55] - page.onError - stack:
  (anonymous function) (https://s7.addthis.com/js/300/addthis_widget.js#pubid=ra-54828cb901e9e86a:2)

  phantomjs://platform/console++.js:263 in error
[ERROR - 2016-12-21T14:33:30.820Z] Session [67541730-c789-11e6-a2a4-edb004527f55] - page.onError - msg: undefined

  phantomjs://platform/console++.js:263 in error
[ERROR - 2016-12-21T14:33:30.820Z] Session [67541730-c789-11e6-a2a4-edb004527f55] - page.onError - stack:
  (anonymous function) (https://s7.addthis.com/js/300/addthis_widget.js#pubid=ra-54828cb901e9e86a:2)

  phantomjs://platform/console++.js:263 in error
[ERROR - 2016-12-21T14:33:35.436Z] Session [67541730-c789-11e6-a2a4-edb004527f55] - page.onError - msg: undefined

  phantomjs://platform/console++.js:263 in error
[ERROR - 2016-12-21T14:33:35.436Z] Session [67541730-c789-11e6-a2a4-edb004527f55] - page.onError - stack:
  (anonymous function) (https://s7.addthis.com/js/300/addthis_widget.js#pubid=ra-54828cb901e9e86a:2)

  phantomjs://platform/console++.js:263 in error
[ERROR - 2016-12-21T14:33:38.148Z] Session [67541730-c789-11e6-a2a4-edb004527f55] - page.onError - msg: undefined

  phantomjs://platform/console++.js:263 in error
[ERROR - 2016-12-21T14:33:38.148Z] Session [67541730-c789-11e6-a2a4-edb004527f55] - page.onError - stack:
  (anonymous function) (https://s7.addthis.com/js/300/addthis_widget.js#pubid=ra-54828cb901e9e86a:2)

  phantomjs://platform/console++.js:263 in error
[ERROR - 2016-12-21T14:33:41.000Z] Session [67541730-c789-11e6-a2a4-edb004527f55] - page.onError - msg: undefined

  phantomjs://platform/console++.js:263 in error
[ERROR - 2016-12-21T14:33:41.000Z] Session [67541730-c789-11e6-a2a4-edb004527f55] - page.onError - stack:
  (anonymous function) (https://s7.addthis.com/js/300/addthis_widget.js#pubid=ra-54828cb901e9e86a:2)

  phantomjs://platform/console++.js:263 in error
[ERROR - 2016-12-21T14:33:43.755Z] Session [67541730-c789-11e6-a2a4-edb004527f55] - page.onError - msg: undefined

  phantomjs://platform/console++.js:263 in error
[ERROR - 2016-12-21T14:33:43.755Z] Session [67541730-c789-11e6-a2a4-edb004527f55] - page.onError - stack:
  (anonymous function) (https://s7.addthis.com/js/300/addthis_widget.js#pubid=ra-54828cb901e9e86a:2)

  phantomjs://platform/console++.js:263 in error
[ERROR - 2016-12-21T14:33:46.631Z] Session [67541730-c789-11e6-a2a4-edb004527f55] - page.onError - msg: undefined

  phantomjs://platform/console++.js:263 in error
[ERROR - 2016-12-21T14:33:46.631Z] Session [67541730-c789-11e6-a2a4-edb004527f55] - page.onError - stack:
  (anonymous function) (https://s7.addthis.com/js/300/addthis_widget.js#pubid=ra-54828cb901e9e86a:2)

  phantomjs://platform/console++.js:263 in error
[ERROR - 2016-12-21T14:33:49.001Z] Session [67541730-c789-11e6-a2a4-edb004527f55] - page.onError - msg: undefined

  phantomjs://platform/console++.js:263 in error
[ERROR - 2016-12-21T14:33:49.001Z] Session [67541730-c789-11e6-a2a4-edb004527f55] - page.onError - stack:
  (anonymous function) (https://s7.addthis.com/js/300/addthis_widget.js#pubid=ra-54828cb901e9e86a:2)

  phantomjs://platform/console++.js:263 in error
[ERROR - 2016-12-21T14:33:52.018Z] Session [67541730-c789-11e6-a2a4-edb004527f55] - page.onError - msg: undefined

  phantomjs://platform/console++.js:263 in error
[ERROR - 2016-12-21T14:33:52.018Z] Session [67541730-c789-11e6-a2a4-edb004527f55] - page.onError - stack:
  (anonymous function) (https://s7.addthis.com/js/300/addthis_widget.js#pubid=ra-54828cb901e9e86a:2)

  phantomjs://platform/console++.js:263 in error
[ERROR - 2016-12-21T14:33:55.875Z] Session [67541730-c789-11e6-a2a4-edb004527f55] - page.onError - msg: undefined

  phantomjs://platform/console++.js:263 in error
[ERROR - 2016-12-21T14:33:55.875Z] Session [67541730-c789-11e6-a2a4-edb004527f55] - page.onError - stack:
  (anonymous function) (https://s7.addthis.com/js/300/addthis_widget.js#pubid=ra-54828cb901e9e86a:2)

  phantomjs://platform/console++.js:263 in error
[ERROR - 2016-12-21T14:33:59.906Z] Session [67541730-c789-11e6-a2a4-edb004527f55] - page.onError - msg: undefined

  phantomjs://platform/console++.js:263 in error
[ERROR - 2016-12-21T14:33:59.906Z] Session [67541730-c789-11e6-a2a4-edb004527f55] - page.onError - stack:
  (anonymous function) (https://s7.addthis.com/js/300/addthis_widget.js#pubid=ra-54828cb901e9e86a:2)

  phantomjs://platform/console++.js:263 in error
[ERROR - 2016-12-21T14:34:04.019Z] Session [67541730-c789-11e6-a2a4-edb004527f55] - page.onError - msg: undefined

  phantomjs://platform/console++.js:263 in error
[ERROR - 2016-12-21T14:34:04.020Z] Session [67541730-c789-11e6-a2a4-edb004527f55] - page.onError - stack:
  (anonymous function) (https://s7.addthis.com/js/300/addthis_widget.js#pubid=ra-54828cb901e9e86a:2)

  phantomjs://platform/console++.js:263 in error
[ERROR - 2016-12-21T14:34:06.198Z] Session [67541730-c789-11e6-a2a4-edb004527f55] - page.onError - msg: undefined

  phantomjs://platform/console++.js:263 in error
[ERROR - 2016-12-21T14:34:06.198Z] Session [67541730-c789-11e6-a2a4-edb004527f55] - page.onError - stack:
  (anonymous function) (https://s7.addthis.com/js/300/addthis_widget.js#pubid=ra-54828cb901e9e86a:2)

  phantomjs://platform/console++.js:263 in error
[ERROR - 2016-12-21T14:34:08.426Z] Session [67541730-c789-11e6-a2a4-edb004527f55] - page.onError - msg: undefined

  phantomjs://platform/console++.js:263 in error
[ERROR - 2016-12-21T14:34:08.426Z] Session [67541730-c789-11e6-a2a4-edb004527f55] - page.onError - stack:
  (anonymous function) (https://s7.addthis.com/js/300/addthis_widget.js#pubid=ra-54828cb901e9e86a:2)

  phantomjs://platform/console++.js:263 in error
[ERROR - 2016-12-21T14:34:10.302Z] Session [67541730-c789-11e6-a2a4-edb004527f55] - page.onError - msg: undefined

  phantomjs://platform/console++.js:263 in error
[ERROR - 2016-12-21T14:34:10.302Z] Session [67541730-c789-11e6-a2a4-edb004527f55] - page.onError - stack:
  (anonymous function) (https://s7.addthis.com/js/300/addthis_widget.js#pubid=ra-54828cb901e9e86a:2)

  phantomjs://platform/console++.js:263 in error
[ERROR - 2016-12-21T14:34:13.496Z] Session [67541730-c789-11e6-a2a4-edb004527f55] - page.onError - msg: undefined

  phantomjs://platform/console++.js:263 in error
[ERROR - 2016-12-21T14:34:13.496Z] Session [67541730-c789-11e6-a2a4-edb004527f55] - page.onError - stack:
  (anonymous function) (https://s7.addthis.com/js/300/addthis_widget.js#pubid=ra-54828cb901e9e86a:2)

  phantomjs://platform/console++.js:263 in error
[ERROR - 2016-12-21T14:34:15.589Z] Session [67541730-c789-11e6-a2a4-edb004527f55] - page.onError - msg: undefined

  phantomjs://platform/console++.js:263 in error
[ERROR - 2016-12-21T14:34:15.589Z] Session [67541730-c789-11e6-a2a4-edb004527f55] - page.onError - stack:
  (anonymous function) (https://s7.addthis.com/js/300/addthis_widget.js#pubid=ra-54828cb901e9e86a:2)

  phantomjs://platform/console++.js:263 in error
[ERROR - 2016-12-21T14:34:21.579Z] Session [67541730-c789-11e6-a2a4-edb004527f55] - page.onError - msg: undefined

  phantomjs://platform/console++.js:263 in error
[ERROR - 2016-12-21T14:34:21.580Z] Session [67541730-c789-11e6-a2a4-edb004527f55] - page.onError - stack:
  (anonymous function) (https://s7.addthis.com/js/300/addthis_widget.js#pubid=ra-54828cb901e9e86a:2)

  phantomjs://platform/console++.js:263 in error
[ERROR - 2016-12-21T14:34:29.674Z] Session [67541730-c789-11e6-a2a4-edb004527f55] - page.onError - msg: undefined

  phantomjs://platform/console++.js:263 in error
[ERROR - 2016-12-21T14:34:29.674Z] Session [67541730-c789-11e6-a2a4-edb004527f55] - page.onError - stack:
  (anonymous function) (https://s7.addthis.com/js/300/addthis_widget.js#pubid=ra-54828cb901e9e86a:2)

  phantomjs://platform/console++.js:263 in error
[ERROR - 2016-12-21T14:34:42.308Z] Session [67541730-c789-11e6-a2a4-edb004527f55] - page.onError - msg: undefined

  phantomjs://platform/console++.js:263 in error
[ERROR - 2016-12-21T14:34:42.308Z] Session [67541730-c789-11e6-a2a4-edb004527f55] - page.onError - stack:
  (anonymous function) (https://s7.addthis.com/js/300/addthis_widget.js#pubid=ra-54828cb901e9e86a:2)

  phantomjs://platform/console++.js:263 in error
[ERROR - 2016-12-21T14:35:00.747Z] Session [67541730-c789-11e6-a2a4-edb004527f55] - page.onError - msg: undefined

  phantomjs://platform/console++.js:263 in error
[ERROR - 2016-12-21T14:35:00.747Z] Session [67541730-c789-11e6-a2a4-edb004527f55] - page.onError - stack:
  (anonymous function) (https://s7.addthis.com/js/300/addthis_widget.js#pubid=ra-54828cb901e9e86a:2)

  phantomjs://platform/console++.js:263 in error
[ERROR - 2016-12-21T14:35:05.149Z] Session [67541730-c789-11e6-a2a4-edb004527f55] - page.onError - msg: undefined

  phantomjs://platform/console++.js:263 in error
[ERROR - 2016-12-21T14:35:05.149Z] Session [67541730-c789-11e6-a2a4-edb004527f55] - page.onError - stack:
  (anonymous function) (https://s7.addthis.com/js/300/addthis_widget.js#pubid=ra-54828cb901e9e86a:2)

  phantomjs://platform/console++.js:263 in error
[ERROR - 2016-12-21T14:35:07.326Z] Session [67541730-c789-11e6-a2a4-edb004527f55] - page.onError - msg: undefined

  phantomjs://platform/console++.js:263 in error
[ERROR - 2016-12-21T14:35:07.327Z] Session [67541730-c789-11e6-a2a4-edb004527f55] - page.onError - stack:
  (anonymous function) (https://s7.addthis.com/js/300/addthis_widget.js#pubid=ra-54828cb901e9e86a:2)

  phantomjs://platform/console++.js:263 in error
[ERROR - 2016-12-21T14:35:10.823Z] Session [67541730-c789-11e6-a2a4-edb004527f55] - page.onError - msg: undefined

  phantomjs://platform/console++.js:263 in error
[ERROR - 2016-12-21T14:35:10.823Z] Session [67541730-c789-11e6-a2a4-edb004527f55] - page.onError - stack:
  (anonymous function) (https://s7.addthis.com/js/300/addthis_widget.js#pubid=ra-54828cb901e9e86a:2)

  phantomjs://platform/console++.js:263 in error
[ERROR - 2016-12-21T14:35:12.959Z] Session [67541730-c789-11e6-a2a4-edb004527f55] - page.onError - msg: undefined

  phantomjs://platform/console++.js:263 in error
[ERROR - 2016-12-21T14:35:12.959Z] Session [67541730-c789-11e6-a2a4-edb004527f55] - page.onError - stack:
  (anonymous function) (https://s7.addthis.com/js/300/addthis_widget.js#pubid=ra-54828cb901e9e86a:2)

  phantomjs://platform/console++.js:263 in error
[ERROR - 2016-12-21T14:35:15.620Z] Session [67541730-c789-11e6-a2a4-edb004527f55] - page.onError - msg: undefined

  phantomjs://platform/console++.js:263 in error
[ERROR - 2016-12-21T14:35:15.620Z] Session [67541730-c789-11e6-a2a4-edb004527f55] - page.onError - stack:
  (anonymous function) (https://s7.addthis.com/js/300/addthis_widget.js#pubid=ra-54828cb901e9e86a:2)

  phantomjs://platform/console++.js:263 in error
[ERROR - 2016-12-21T14:35:18.088Z] Session [67541730-c789-11e6-a2a4-edb004527f55] - page.onError - msg: undefined

  phantomjs://platform/console++.js:263 in error
[ERROR - 2016-12-21T14:35:18.089Z] Session [67541730-c789-11e6-a2a4-edb004527f55] - page.onError - stack:
  (anonymous function) (https://s7.addthis.com/js/300/addthis_widget.js#pubid=ra-54828cb901e9e86a:2)

  phantomjs://platform/console++.js:263 in error
[ERROR - 2016-12-21T14:35:20.593Z] Session [67541730-c789-11e6-a2a4-edb004527f55] - page.onError - msg: undefined

  phantomjs://platform/console++.js:263 in error
[ERROR - 2016-12-21T14:35:20.593Z] Session [67541730-c789-11e6-a2a4-edb004527f55] - page.onError - stack:
  (anonymous function) (https://s7.addthis.com/js/300/addthis_widget.js#pubid=ra-54828cb901e9e86a:2)

  phantomjs://platform/console++.js:263 in error
[ERROR - 2016-12-21T14:35:22.612Z] Session [67541730-c789-11e6-a2a4-edb004527f55] - page.onError - msg: undefined

  phantomjs://platform/console++.js:263 in error
[ERROR - 2016-12-21T14:35:22.612Z] Session [67541730-c789-11e6-a2a4-edb004527f55] - page.onError - stack:
  (anonymous function) (https://s7.addthis.com/js/300/addthis_widget.js#pubid=ra-54828cb901e9e86a:2)

  phantomjs://platform/console++.js:263 in error
[ERROR - 2016-12-21T14:35:26.928Z] Session [67541730-c789-11e6-a2a4-edb004527f55] - page.onError - msg: undefined

  phantomjs://platform/console++.js:263 in error
[ERROR - 2016-12-21T14:35:26.928Z] Session [67541730-c789-11e6-a2a4-edb004527f55] - page.onError - stack:
  (anonymous function) (https://s7.addthis.com/js/300/addthis_widget.js#pubid=ra-54828cb901e9e86a:2)

  phantomjs://platform/console++.js:263 in error
[ERROR - 2016-12-21T14:35:29.087Z] Session [67541730-c789-11e6-a2a4-edb004527f55] - page.onError - msg: undefined

  phantomjs://platform/console++.js:263 in error
[ERROR - 2016-12-21T14:35:29.087Z] Session [67541730-c789-11e6-a2a4-edb004527f55] - page.onError - stack:
  (anonymous function) (https://s7.addthis.com/js/300/addthis_widget.js#pubid=ra-54828cb901e9e86a:2)

  phantomjs://platform/console++.js:263 in error
[ERROR - 2016-12-21T14:35:32.309Z] Session [67541730-c789-11e6-a2a4-edb004527f55] - page.onError - msg: undefined

  phantomjs://platform/console++.js:263 in error
[ERROR - 2016-12-21T14:35:32.309Z] Session [67541730-c789-11e6-a2a4-edb004527f55] - page.onError - stack:
  (anonymous function) (https://s7.addthis.com/js/300/addthis_widget.js#pubid=ra-54828cb901e9e86a:2)

  phantomjs://platform/console++.js:263 in error
[ERROR - 2016-12-21T14:35:35.036Z] Session [67541730-c789-11e6-a2a4-edb004527f55] - page.onError - msg: undefined

  phantomjs://platform/console++.js:263 in error
[ERROR - 2016-12-21T14:35:35.036Z] Session [67541730-c789-11e6-a2a4-edb004527f55] - page.onError - stack:
  (anonymous function) (https://s7.addthis.com/js/300/addthis_widget.js#pubid=ra-54828cb901e9e86a:2)

  phantomjs://platform/console++.js:263 in error
[ERROR - 2016-12-21T14:35:38.692Z] Session [67541730-c789-11e6-a2a4-edb004527f55] - page.onError - msg: undefined

  phantomjs://platform/console++.js:263 in error
[ERROR - 2016-12-21T14:35:38.692Z] Session [67541730-c789-11e6-a2a4-edb004527f55] - page.onError - stack:
  (anonymous function) (https://s7.addthis.com/js/300/addthis_widget.js#pubid=ra-54828cb901e9e86a:2)

  phantomjs://platform/console++.js:263 in error
[ERROR - 2016-12-21T14:35:41.910Z] Session [67541730-c789-11e6-a2a4-edb004527f55] - page.onError - msg: undefined

  phantomjs://platform/console++.js:263 in error
[ERROR - 2016-12-21T14:35:41.910Z] Session [67541730-c789-11e6-a2a4-edb004527f55] - page.onError - stack:
  (anonymous function) (https://s7.addthis.com/js/300/addthis_widget.js#pubid=ra-54828cb901e9e86a:2)

  phantomjs://platform/console++.js:263 in error
[ERROR - 2016-12-21T14:35:45.765Z] Session [67541730-c789-11e6-a2a4-edb004527f55] - page.onError - msg: undefined

  phantomjs://platform/console++.js:263 in error
[ERROR - 2016-12-21T14:35:45.765Z] Session [67541730-c789-11e6-a2a4-edb004527f55] - page.onError - stack:
  (anonymous function) (https://s7.addthis.com/js/300/addthis_widget.js#pubid=ra-54828cb901e9e86a:2)

  phantomjs://platform/console++.js:263 in error
[ERROR - 2016-12-21T14:35:57.438Z] Session [67541730-c789-11e6-a2a4-edb004527f55] - page.onError - msg: undefined

  phantomjs://platform/console++.js:263 in error
[ERROR - 2016-12-21T14:35:57.438Z] Session [67541730-c789-11e6-a2a4-edb004527f55] - page.onError - stack:
  (anonymous function) (https://s7.addthis.com/js/300/addthis_widget.js#pubid=ra-54828cb901e9e86a:2)

  phantomjs://platform/console++.js:263 in error
[INFO  - 2016-12-21T14:36:03.017Z] SessionManagerReqHand - _cleanupWindowlessSessions - Asynchronous Sessions clean-up phase starting NOW
[ERROR - 2016-12-21T14:36:03.660Z] Session [67541730-c789-11e6-a2a4-edb004527f55] - page.onError - msg: undefined

  phantomjs://platform/console++.js:263 in error
[ERROR - 2016-12-21T14:36:03.661Z] Session [67541730-c789-11e6-a2a4-edb004527f55] - page.onError - stack:
  (anonymous function) (https://s7.addthis.com/js/300/addthis_widget.js#pubid=ra-54828cb901e9e86a:2)

  phantomjs://platform/console++.js:263 in error
[ERROR - 2016-12-21T14:36:06.052Z] Session [67541730-c789-11e6-a2a4-edb004527f55] - page.onError - msg: undefined

  phantomjs://platform/console++.js:263 in error
[ERROR - 2016-12-21T14:36:06.052Z] Session [67541730-c789-11e6-a2a4-edb004527f55] - page.onError - stack:
  (anonymous function) (https://s7.addthis.com/js/300/addthis_widget.js#pubid=ra-54828cb901e9e86a:2)

  phantomjs://platform/console++.js:263 in error
[ERROR - 2016-12-21T14:36:08.799Z] Session [67541730-c789-11e6-a2a4-edb004527f55] - page.onError - msg: undefined

  phantomjs://platform/console++.js:263 in error
[ERROR - 2016-12-21T14:36:08.800Z] Session [67541730-c789-11e6-a2a4-edb004527f55] - page.onError - stack:
  (anonymous function) (https://s7.addthis.com/js/300/addthis_widget.js#pubid=ra-54828cb901e9e86a:2)

  phantomjs://platform/console++.js:263 in error
[ERROR - 2016-12-21T14:36:11.033Z] Session [67541730-c789-11e6-a2a4-edb004527f55] - page.onError - msg: undefined

  phantomjs://platform/console++.js:263 in error
[ERROR - 2016-12-21T14:36:11.033Z] Session [67541730-c789-11e6-a2a4-edb004527f55] - page.onError - stack:
  (anonymous function) (https://s7.addthis.com/js/300/addthis_widget.js#pubid=ra-54828cb901e9e86a:2)

  phantomjs://platform/console++.js:263 in error
[ERROR - 2016-12-21T14:36:13.524Z] Session [67541730-c789-11e6-a2a4-edb004527f55] - page.onError - msg: undefined

  phantomjs://platform/console++.js:263 in error
[ERROR - 2016-12-21T14:36:13.524Z] Session [67541730-c789-11e6-a2a4-edb004527f55] - page.onError - stack:
  (anonymous function) (https://s7.addthis.com/js/300/addthis_widget.js#pubid=ra-54828cb901e9e86a:2)

  phantomjs://platform/console++.js:263 in error
[ERROR - 2016-12-21T14:36:18.554Z] Session [67541730-c789-11e6-a2a4-edb004527f55] - page.onError - msg: undefined

  phantomjs://platform/console++.js:263 in error
[ERROR - 2016-12-21T14:36:18.554Z] Session [67541730-c789-11e6-a2a4-edb004527f55] - page.onError - stack:
  (anonymous function) (https://s7.addthis.com/js/300/addthis_widget.js#pubid=ra-54828cb901e9e86a:2)

  phantomjs://platform/console++.js:263 in error
[ERROR - 2016-12-21T14:36:20.741Z] Session [67541730-c789-11e6-a2a4-edb004527f55] - page.onError - msg: undefined

  phantomjs://platform/console++.js:263 in error
[ERROR - 2016-12-21T14:36:20.741Z] Session [67541730-c789-11e6-a2a4-edb004527f55] - page.onError - stack:
  (anonymous function) (https://s7.addthis.com/js/300/addthis_widget.js#pubid=ra-54828cb901e9e86a:2)

  phantomjs://platform/console++.js:263 in error
[ERROR - 2016-12-21T14:36:25.965Z] Session [67541730-c789-11e6-a2a4-edb004527f55] - page.onError - msg: undefined

  phantomjs://platform/console++.js:263 in error
[ERROR - 2016-12-21T14:36:25.965Z] Session [67541730-c789-11e6-a2a4-edb004527f55] - page.onError - stack:
  (anonymous function) (https://s7.addthis.com/js/300/addthis_widget.js#pubid=ra-54828cb901e9e86a:2)

  phantomjs://platform/console++.js:263 in error
[ERROR - 2016-12-21T14:36:28.164Z] Session [67541730-c789-11e6-a2a4-edb004527f55] - page.onError - msg: undefined

  phantomjs://platform/console++.js:263 in error
[ERROR - 2016-12-21T14:36:28.164Z] Session [67541730-c789-11e6-a2a4-edb004527f55] - page.onError - stack:
  (anonymous function) (https://s7.addthis.com/js/300/addthis_widget.js#pubid=ra-54828cb901e9e86a:2)

  phantomjs://platform/console++.js:263 in error
[ERROR - 2016-12-21T14:36:34.497Z] Session [67541730-c789-11e6-a2a4-edb004527f55] - page.onError - msg: undefined

  phantomjs://platform/console++.js:263 in error
[ERROR - 2016-12-21T14:36:34.497Z] Session [67541730-c789-11e6-a2a4-edb004527f55] - page.onError - stack:
  (anonymous function) (https://s7.addthis.com/js/300/addthis_widget.js#pubid=ra-54828cb901e9e86a:2)

  phantomjs://platform/console++.js:263 in error
[ERROR - 2016-12-21T14:36:39.524Z] Session [67541730-c789-11e6-a2a4-edb004527f55] - page.onError - msg: undefined

  phantomjs://platform/console++.js:263 in error
[ERROR - 2016-12-21T14:36:39.525Z] Session [67541730-c789-11e6-a2a4-edb004527f55] - page.onError - stack:
  (anonymous function) (https://s7.addthis.com/js/300/addthis_widget.js#pubid=ra-54828cb901e9e86a:2)

  phantomjs://platform/console++.js:263 in error
[ERROR - 2016-12-21T14:36:41.724Z] Session [67541730-c789-11e6-a2a4-edb004527f55] - page.onError - msg: undefined

  phantomjs://platform/console++.js:263 in error
[ERROR - 2016-12-21T14:36:41.724Z] Session [67541730-c789-11e6-a2a4-edb004527f55] - page.onError - stack:
  (anonymous function) (https://s7.addthis.com/js/300/addthis_widget.js#pubid=ra-54828cb901e9e86a:2)

  phantomjs://platform/console++.js:263 in error
[ERROR - 2016-12-21T14:36:43.756Z] Session [67541730-c789-11e6-a2a4-edb004527f55] - page.onError - msg: undefined

  phantomjs://platform/console++.js:263 in error
[ERROR - 2016-12-21T14:36:43.756Z] Session [67541730-c789-11e6-a2a4-edb004527f55] - page.onError - stack:
  (anonymous function) (https://s7.addthis.com/js/300/addthis_widget.js#pubid=ra-54828cb901e9e86a:2)

  phantomjs://platform/console++.js:263 in error
[ERROR - 2016-12-21T14:36:46.226Z] Session [67541730-c789-11e6-a2a4-edb004527f55] - page.onError - msg: undefined

  phantomjs://platform/console++.js:263 in error
[ERROR - 2016-12-21T14:36:46.226Z] Session [67541730-c789-11e6-a2a4-edb004527f55] - page.onError - stack:
  (anonymous function) (https://s7.addthis.com/js/300/addthis_widget.js#pubid=ra-54828cb901e9e86a:2)

  phantomjs://platform/console++.js:263 in error
[ERROR - 2016-12-21T14:36:49.660Z] Session [67541730-c789-11e6-a2a4-edb004527f55] - page.onError - msg: undefined

  phantomjs://platform/console++.js:263 in error
[ERROR - 2016-12-21T14:36:49.660Z] Session [67541730-c789-11e6-a2a4-edb004527f55] - page.onError - stack:
  (anonymous function) (https://s7.addthis.com/js/300/addthis_widget.js#pubid=ra-54828cb901e9e86a:2)

  phantomjs://platform/console++.js:263 in error
[ERROR - 2016-12-21T14:36:51.775Z] Session [67541730-c789-11e6-a2a4-edb004527f55] - page.onError - msg: undefined

  phantomjs://platform/console++.js:263 in error
[ERROR - 2016-12-21T14:36:51.775Z] Session [67541730-c789-11e6-a2a4-edb004527f55] - page.onError - stack:
  (anonymous function) (https://s7.addthis.com/js/300/addthis_widget.js#pubid=ra-54828cb901e9e86a:2)

  phantomjs://platform/console++.js:263 in error
[ERROR - 2016-12-21T14:36:54.084Z] Session [67541730-c789-11e6-a2a4-edb004527f55] - page.onError - msg: undefined

  phantomjs://platform/console++.js:263 in error
[ERROR - 2016-12-21T14:36:54.084Z] Session [67541730-c789-11e6-a2a4-edb004527f55] - page.onError - stack:
  (anonymous function) (https://s7.addthis.com/js/300/addthis_widget.js#pubid=ra-54828cb901e9e86a:2)

  phantomjs://platform/console++.js:263 in error
[ERROR - 2016-12-21T14:36:56.112Z] Session [67541730-c789-11e6-a2a4-edb004527f55] - page.onError - msg: undefined

  phantomjs://platform/console++.js:263 in error
[ERROR - 2016-12-21T14:36:56.112Z] Session [67541730-c789-11e6-a2a4-edb004527f55] - page.onError - stack:
  (anonymous function) (https://s7.addthis.com/js/300/addthis_widget.js#pubid=ra-54828cb901e9e86a:2)

  phantomjs://platform/console++.js:263 in error
[ERROR - 2016-12-21T14:36:58.382Z] Session [67541730-c789-11e6-a2a4-edb004527f55] - page.onError - msg: undefined

  phantomjs://platform/console++.js:263 in error
[ERROR - 2016-12-21T14:36:58.382Z] Session [67541730-c789-11e6-a2a4-edb004527f55] - page.onError - stack:
  (anonymous function) (https://s7.addthis.com/js/300/addthis_widget.js#pubid=ra-54828cb901e9e86a:2)

  phantomjs://platform/console++.js:263 in error
[ERROR - 2016-12-21T14:37:00.729Z] Session [67541730-c789-11e6-a2a4-edb004527f55] - page.onError - msg: undefined

  phantomjs://platform/console++.js:263 in error
[ERROR - 2016-12-21T14:37:00.729Z] Session [67541730-c789-11e6-a2a4-edb004527f55] - page.onError - stack:
  (anonymous function) (https://s7.addthis.com/js/300/addthis_widget.js#pubid=ra-54828cb901e9e86a:2)

  phantomjs://platform/console++.js:263 in error
[ERROR - 2016-12-21T14:37:03.129Z] Session [67541730-c789-11e6-a2a4-edb004527f55] - page.onError - msg: undefined

  phantomjs://platform/console++.js:263 in error
[ERROR - 2016-12-21T14:37:03.129Z] Session [67541730-c789-11e6-a2a4-edb004527f55] - page.onError - stack:
  (anonymous function) (https://s7.addthis.com/js/300/addthis_widget.js#pubid=ra-54828cb901e9e86a:2)

  phantomjs://platform/console++.js:263 in error
[ERROR - 2016-12-21T14:37:05.718Z] Session [67541730-c789-11e6-a2a4-edb004527f55] - page.onError - msg: undefined

  phantomjs://platform/console++.js:263 in error
[ERROR - 2016-12-21T14:37:05.718Z] Session [67541730-c789-11e6-a2a4-edb004527f55] - page.onError - stack:
  (anonymous function) (https://s7.addthis.com/js/300/addthis_widget.js#pubid=ra-54828cb901e9e86a:2)

  phantomjs://platform/console++.js:263 in error
[ERROR - 2016-12-21T14:37:08.149Z] Session [67541730-c789-11e6-a2a4-edb004527f55] - page.onError - msg: undefined

  phantomjs://platform/console++.js:263 in error
[ERROR - 2016-12-21T14:37:08.149Z] Session [67541730-c789-11e6-a2a4-edb004527f55] - page.onError - stack:
  (anonymous function) (https://s7.addthis.com/js/300/addthis_widget.js#pubid=ra-54828cb901e9e86a:2)

  phantomjs://platform/console++.js:263 in error
[ERROR - 2016-12-21T14:37:10.286Z] Session [67541730-c789-11e6-a2a4-edb004527f55] - page.onError - msg: undefined

  phantomjs://platform/console++.js:263 in error
[ERROR - 2016-12-21T14:37:10.286Z] Session [67541730-c789-11e6-a2a4-edb004527f55] - page.onError - stack:
  (anonymous function) (https://s7.addthis.com/js/300/addthis_widget.js#pubid=ra-54828cb901e9e86a:2)

  phantomjs://platform/console++.js:263 in error
[ERROR - 2016-12-21T14:37:12.543Z] Session [67541730-c789-11e6-a2a4-edb004527f55] - page.onError - msg: undefined

  phantomjs://platform/console++.js:263 in error
[ERROR - 2016-12-21T14:37:12.543Z] Session [67541730-c789-11e6-a2a4-edb004527f55] - page.onError - stack:
  (anonymous function) (https://s7.addthis.com/js/300/addthis_widget.js#pubid=ra-54828cb901e9e86a:2)

  phantomjs://platform/console++.js:263 in error
[ERROR - 2016-12-21T14:37:14.695Z] Session [67541730-c789-11e6-a2a4-edb004527f55] - page.onError - msg: undefined

  phantomjs://platform/console++.js:263 in error
[ERROR - 2016-12-21T14:37:14.695Z] Session [67541730-c789-11e6-a2a4-edb004527f55] - page.onError - stack:
  (anonymous function) (https://s7.addthis.com/js/300/addthis_widget.js#pubid=ra-54828cb901e9e86a:2)

  phantomjs://platform/console++.js:263 in error
[ERROR - 2016-12-21T14:37:16.943Z] Session [67541730-c789-11e6-a2a4-edb004527f55] - page.onError - msg: undefined

  phantomjs://platform/console++.js:263 in error
[ERROR - 2016-12-21T14:37:16.943Z] Session [67541730-c789-11e6-a2a4-edb004527f55] - page.onError - stack:
  (anonymous function) (https://s7.addthis.com/js/300/addthis_widget.js#pubid=ra-54828cb901e9e86a:2)

  phantomjs://platform/console++.js:263 in error
[ERROR - 2016-12-21T14:37:20.099Z] Session [67541730-c789-11e6-a2a4-edb004527f55] - page.onError - msg: undefined

  phantomjs://platform/console++.js:263 in error
[ERROR - 2016-12-21T14:37:20.099Z] Session [67541730-c789-11e6-a2a4-edb004527f55] - page.onError - stack:
  (anonymous function) (https://s7.addthis.com/js/300/addthis_widget.js#pubid=ra-54828cb901e9e86a:2)

  phantomjs://platform/console++.js:263 in error
[ERROR - 2016-12-21T14:37:22.344Z] Session [67541730-c789-11e6-a2a4-edb004527f55] - page.onError - msg: undefined

  phantomjs://platform/console++.js:263 in error
[ERROR - 2016-12-21T14:37:22.344Z] Session [67541730-c789-11e6-a2a4-edb004527f55] - page.onError - stack:
  (anonymous function) (https://s7.addthis.com/js/300/addthis_widget.js#pubid=ra-54828cb901e9e86a:2)

  phantomjs://platform/console++.js:263 in error
[ERROR - 2016-12-21T14:37:24.483Z] Session [67541730-c789-11e6-a2a4-edb004527f55] - page.onError - msg: undefined

  phantomjs://platform/console++.js:263 in error
[ERROR - 2016-12-21T14:37:24.483Z] Session [67541730-c789-11e6-a2a4-edb004527f55] - page.onError - stack:
  (anonymous function) (https://s7.addthis.com/js/300/addthis_widget.js#pubid=ra-54828cb901e9e86a:2)

  phantomjs://platform/console++.js:263 in error
[ERROR - 2016-12-21T14:37:26.657Z] Session [67541730-c789-11e6-a2a4-edb004527f55] - page.onError - msg: undefined

  phantomjs://platform/console++.js:263 in error
[ERROR - 2016-12-21T14:37:26.657Z] Session [67541730-c789-11e6-a2a4-edb004527f55] - page.onError - stack:
  (anonymous function) (https://s7.addthis.com/js/300/addthis_widget.js#pubid=ra-54828cb901e9e86a:2)

  phantomjs://platform/console++.js:263 in error
[ERROR - 2016-12-21T14:37:29.667Z] Session [67541730-c789-11e6-a2a4-edb004527f55] - page.onError - msg: undefined

  phantomjs://platform/console++.js:263 in error
[ERROR - 2016-12-21T14:37:29.667Z] Session [67541730-c789-11e6-a2a4-edb004527f55] - page.onError - stack:
  (anonymous function) (https://s7.addthis.com/js/300/addthis_widget.js#pubid=ra-54828cb901e9e86a:2)

  phantomjs://platform/console++.js:263 in error
[ERROR - 2016-12-21T14:37:31.987Z] Session [67541730-c789-11e6-a2a4-edb004527f55] - page.onError - msg: undefined

  phantomjs://platform/console++.js:263 in error
[ERROR - 2016-12-21T14:37:31.987Z] Session [67541730-c789-11e6-a2a4-edb004527f55] - page.onError - stack:
  (anonymous function) (https://s7.addthis.com/js/300/addthis_widget.js#pubid=ra-54828cb901e9e86a:2)

  phantomjs://platform/console++.js:263 in error
[ERROR - 2016-12-21T14:37:34.768Z] Session [67541730-c789-11e6-a2a4-edb004527f55] - page.onError - msg: undefined

  phantomjs://platform/console++.js:263 in error
[ERROR - 2016-12-21T14:37:34.768Z] Session [67541730-c789-11e6-a2a4-edb004527f55] - page.onError - stack:
  (anonymous function) (https://s7.addthis.com/js/300/addthis_widget.js#pubid=ra-54828cb901e9e86a:2)

  phantomjs://platform/console++.js:263 in error
[ERROR - 2016-12-21T14:37:39.035Z] Session [67541730-c789-11e6-a2a4-edb004527f55] - page.onError - msg: undefined

  phantomjs://platform/console++.js:263 in error
[ERROR - 2016-12-21T14:37:39.035Z] Session [67541730-c789-11e6-a2a4-edb004527f55] - page.onError - stack:
  (anonymous function) (https://s7.addthis.com/js/300/addthis_widget.js#pubid=ra-54828cb901e9e86a:2)

  phantomjs://platform/console++.js:263 in error
[ERROR - 2016-12-21T14:37:41.313Z] Session [67541730-c789-11e6-a2a4-edb004527f55] - page.onError - msg: undefined

  phantomjs://platform/console++.js:263 in error
[ERROR - 2016-12-21T14:37:41.313Z] Session [67541730-c789-11e6-a2a4-edb004527f55] - page.onError - stack:
  (anonymous function) (https://s7.addthis.com/js/300/addthis_widget.js#pubid=ra-54828cb901e9e86a:2)

  phantomjs://platform/console++.js:263 in error
[ERROR - 2016-12-21T14:37:43.860Z] Session [67541730-c789-11e6-a2a4-edb004527f55] - page.onError - msg: undefined

  phantomjs://platform/console++.js:263 in error
[ERROR - 2016-12-21T14:37:43.861Z] Session [67541730-c789-11e6-a2a4-edb004527f55] - page.onError - stack:
  (anonymous function) (https://s7.addthis.com/js/300/addthis_widget.js#pubid=ra-54828cb901e9e86a:2)

  phantomjs://platform/console++.js:263 in error
[ERROR - 2016-12-21T14:37:46.418Z] Session [67541730-c789-11e6-a2a4-edb004527f55] - page.onError - msg: undefined

  phantomjs://platform/console++.js:263 in error
[ERROR - 2016-12-21T14:37:46.418Z] Session [67541730-c789-11e6-a2a4-edb004527f55] - page.onError - stack:
  (anonymous function) (https://s7.addthis.com/js/300/addthis_widget.js#pubid=ra-54828cb901e9e86a:2)

  phantomjs://platform/console++.js:263 in error
[ERROR - 2016-12-21T14:37:48.990Z] Session [67541730-c789-11e6-a2a4-edb004527f55] - page.onError - msg: undefined

  phantomjs://platform/console++.js:263 in error
[ERROR - 2016-12-21T14:37:48.990Z] Session [67541730-c789-11e6-a2a4-edb004527f55] - page.onError - stack:
  (anonymous function) (https://s7.addthis.com/js/300/addthis_widget.js#pubid=ra-54828cb901e9e86a:2)

  phantomjs://platform/console++.js:263 in error
[ERROR - 2016-12-21T14:37:51.580Z] Session [67541730-c789-11e6-a2a4-edb004527f55] - page.onError - msg: undefined

  phantomjs://platform/console++.js:263 in error
[ERROR - 2016-12-21T14:37:51.580Z] Session [67541730-c789-11e6-a2a4-edb004527f55] - page.onError - stack:
  (anonymous function) (https://s7.addthis.com/js/300/addthis_widget.js#pubid=ra-54828cb901e9e86a:2)

  phantomjs://platform/console++.js:263 in error
[ERROR - 2016-12-21T14:37:58.109Z] Session [67541730-c789-11e6-a2a4-edb004527f55] - page.onError - msg: undefined

  phantomjs://platform/console++.js:263 in error
[ERROR - 2016-12-21T14:37:58.109Z] Session [67541730-c789-11e6-a2a4-edb004527f55] - page.onError - stack:
  (anonymous function) (https://s7.addthis.com/js/300/addthis_widget.js#pubid=ra-54828cb901e9e86a:2)

  phantomjs://platform/console++.js:263 in error
[ERROR - 2016-12-21T14:38:02.424Z] Session [67541730-c789-11e6-a2a4-edb004527f55] - page.onError - msg: undefined

  phantomjs://platform/console++.js:263 in error
[ERROR - 2016-12-21T14:38:02.424Z] Session [67541730-c789-11e6-a2a4-edb004527f55] - page.onError - stack:
  (anonymous function) (https://s7.addthis.com/js/300/addthis_widget.js#pubid=ra-54828cb901e9e86a:2)

  phantomjs://platform/console++.js:263 in error
[ERROR - 2016-12-21T14:38:05.058Z] Session [67541730-c789-11e6-a2a4-edb004527f55] - page.onError - msg: undefined

  phantomjs://platform/console++.js:263 in error
[ERROR - 2016-12-21T14:38:05.058Z] Session [67541730-c789-11e6-a2a4-edb004527f55] - page.onError - stack:
  (anonymous function) (https://s7.addthis.com/js/300/addthis_widget.js#pubid=ra-54828cb901e9e86a:2)

  phantomjs://platform/console++.js:263 in error
[ERROR - 2016-12-21T14:38:07.430Z] Session [67541730-c789-11e6-a2a4-edb004527f55] - page.onError - msg: undefined

  phantomjs://platform/console++.js:263 in error
[ERROR - 2016-12-21T14:38:07.430Z] Session [67541730-c789-11e6-a2a4-edb004527f55] - page.onError - stack:
  (anonymous function) (https://s7.addthis.com/js/300/addthis_widget.js#pubid=ra-54828cb901e9e86a:2)

  phantomjs://platform/console++.js:263 in error
[ERROR - 2016-12-21T14:38:09.658Z] Session [67541730-c789-11e6-a2a4-edb004527f55] - page.onError - msg: undefined

  phantomjs://platform/console++.js:263 in error
[ERROR - 2016-12-21T14:38:09.658Z] Session [67541730-c789-11e6-a2a4-edb004527f55] - page.onError - stack:
  (anonymous function) (https://s7.addthis.com/js/300/addthis_widget.js#pubid=ra-54828cb901e9e86a:2)

  phantomjs://platform/console++.js:263 in error
[ERROR - 2016-12-21T14:38:11.623Z] Session [67541730-c789-11e6-a2a4-edb004527f55] - page.onError - msg: undefined

  phantomjs://platform/console++.js:263 in error
[ERROR - 2016-12-21T14:38:11.623Z] Session [67541730-c789-11e6-a2a4-edb004527f55] - page.onError - stack:
  (anonymous function) (https://s7.addthis.com/js/300/addthis_widget.js#pubid=ra-54828cb901e9e86a:2)

  phantomjs://platform/console++.js:263 in error
[ERROR - 2016-12-21T14:38:13.544Z] Session [67541730-c789-11e6-a2a4-edb004527f55] - page.onError - msg: undefined

  phantomjs://platform/console++.js:263 in error
[ERROR - 2016-12-21T14:38:13.544Z] Session [67541730-c789-11e6-a2a4-edb004527f55] - page.onError - stack:
  (anonymous function) (https://s7.addthis.com/js/300/addthis_widget.js#pubid=ra-54828cb901e9e86a:2)

  phantomjs://platform/console++.js:263 in error
[ERROR - 2016-12-21T14:38:16.216Z] Session [67541730-c789-11e6-a2a4-edb004527f55] - page.onError - msg: undefined

  phantomjs://platform/console++.js:263 in error
[ERROR - 2016-12-21T14:38:16.216Z] Session [67541730-c789-11e6-a2a4-edb004527f55] - page.onError - stack:
  (anonymous function) (https://s7.addthis.com/js/300/addthis_widget.js#pubid=ra-54828cb901e9e86a:2)

  phantomjs://platform/console++.js:263 in error
[ERROR - 2016-12-21T14:38:18.213Z] Session [67541730-c789-11e6-a2a4-edb004527f55] - page.onError - msg: undefined

  phantomjs://platform/console++.js:263 in error
[ERROR - 2016-12-21T14:38:18.213Z] Session [67541730-c789-11e6-a2a4-edb004527f55] - page.onError - stack:
  (anonymous function) (https://s7.addthis.com/js/300/addthis_widget.js#pubid=ra-54828cb901e9e86a:2)

  phantomjs://platform/console++.js:263 in error
[ERROR - 2016-12-21T14:38:20.192Z] Session [67541730-c789-11e6-a2a4-edb004527f55] - page.onError - msg: undefined

  phantomjs://platform/console++.js:263 in error
[ERROR - 2016-12-21T14:38:20.192Z] Session [67541730-c789-11e6-a2a4-edb004527f55] - page.onError - stack:
  (anonymous function) (https://s7.addthis.com/js/300/addthis_widget.js#pubid=ra-54828cb901e9e86a:2)

  phantomjs://platform/console++.js:263 in error
[ERROR - 2016-12-21T14:38:22.028Z] Session [67541730-c789-11e6-a2a4-edb004527f55] - page.onError - msg: undefined

  phantomjs://platform/console++.js:263 in error
[ERROR - 2016-12-21T14:38:22.028Z] Session [67541730-c789-11e6-a2a4-edb004527f55] - page.onError - stack:
  (anonymous function) (https://s7.addthis.com/js/300/addthis_widget.js#pubid=ra-54828cb901e9e86a:2)

  phantomjs://platform/console++.js:263 in error
[ERROR - 2016-12-21T14:38:30.240Z] Session [67541730-c789-11e6-a2a4-edb004527f55] - page.onError - msg: undefined

  phantomjs://platform/console++.js:263 in error
[ERROR - 2016-12-21T14:38:30.240Z] Session [67541730-c789-11e6-a2a4-edb004527f55] - page.onError - stack:
  (anonymous function) (https://s7.addthis.com/js/300/addthis_widget.js#pubid=ra-54828cb901e9e86a:2)

  phantomjs://platform/console++.js:263 in error
[ERROR - 2016-12-21T14:38:32.333Z] Session [67541730-c789-11e6-a2a4-edb004527f55] - page.onError - msg: undefined

  phantomjs://platform/console++.js:263 in error
[ERROR - 2016-12-21T14:38:32.333Z] Session [67541730-c789-11e6-a2a4-edb004527f55] - page.onError - stack:
  (anonymous function) (https://s7.addthis.com/js/300/addthis_widget.js#pubid=ra-54828cb901e9e86a:2)

  phantomjs://platform/console++.js:263 in error
[ERROR - 2016-12-21T14:38:34.245Z] Session [67541730-c789-11e6-a2a4-edb004527f55] - page.onError - msg: undefined

  phantomjs://platform/console++.js:263 in error
[ERROR - 2016-12-21T14:38:34.245Z] Session [67541730-c789-11e6-a2a4-edb004527f55] - page.onError - stack:
  (anonymous function) (https://s7.addthis.com/js/300/addthis_widget.js#pubid=ra-54828cb901e9e86a:2)

  phantomjs://platform/console++.js:263 in error
[ERROR - 2016-12-21T14:38:43.795Z] Session [67541730-c789-11e6-a2a4-edb004527f55] - page.onError - msg: undefined

  phantomjs://platform/console++.js:263 in error
[ERROR - 2016-12-21T14:38:43.796Z] Session [67541730-c789-11e6-a2a4-edb004527f55] - page.onError - stack:
  (anonymous function) (https://s7.addthis.com/js/300/addthis_widget.js#pubid=ra-54828cb901e9e86a:2)

  phantomjs://platform/console++.js:263 in error
[ERROR - 2016-12-21T14:38:45.767Z] Session [67541730-c789-11e6-a2a4-edb004527f55] - page.onError - msg: undefined

  phantomjs://platform/console++.js:263 in error
[ERROR - 2016-12-21T14:38:45.767Z] Session [67541730-c789-11e6-a2a4-edb004527f55] - page.onError - stack:
  (anonymous function) (https://s7.addthis.com/js/300/addthis_widget.js#pubid=ra-54828cb901e9e86a:2)

  phantomjs://platform/console++.js:263 in error
[ERROR - 2016-12-21T14:38:50.267Z] Session [67541730-c789-11e6-a2a4-edb004527f55] - page.onError - msg: undefined

  phantomjs://platform/console++.js:263 in error
[ERROR - 2016-12-21T14:38:50.267Z] Session [67541730-c789-11e6-a2a4-edb004527f55] - page.onError - stack:
  (anonymous function) (https://s7.addthis.com/js/300/addthis_widget.js#pubid=ra-54828cb901e9e86a:2)

  phantomjs://platform/console++.js:263 in error
[ERROR - 2016-12-21T14:38:52.203Z] Session [67541730-c789-11e6-a2a4-edb004527f55] - page.onError - msg: undefined

  phantomjs://platform/console++.js:263 in error
[ERROR - 2016-12-21T14:38:52.203Z] Session [67541730-c789-11e6-a2a4-edb004527f55] - page.onError - stack:
  (anonymous function) (https://s7.addthis.com/js/300/addthis_widget.js#pubid=ra-54828cb901e9e86a:2)

  phantomjs://platform/console++.js:263 in error
[ERROR - 2016-12-21T14:38:54.442Z] Session [67541730-c789-11e6-a2a4-edb004527f55] - page.onError - msg: undefined

  phantomjs://platform/console++.js:263 in error
[ERROR - 2016-12-21T14:38:54.442Z] Session [67541730-c789-11e6-a2a4-edb004527f55] - page.onError - stack:
  (anonymous function) (https://s7.addthis.com/js/300/addthis_widget.js#pubid=ra-54828cb901e9e86a:2)

  phantomjs://platform/console++.js:263 in error
[ERROR - 2016-12-21T14:38:56.492Z] Session [67541730-c789-11e6-a2a4-edb004527f55] - page.onError - msg: undefined

  phantomjs://platform/console++.js:263 in error
[ERROR - 2016-12-21T14:38:56.492Z] Session [67541730-c789-11e6-a2a4-edb004527f55] - page.onError - stack:
  (anonymous function) (https://s7.addthis.com/js/300/addthis_widget.js#pubid=ra-54828cb901e9e86a:2)

  phantomjs://platform/console++.js:263 in error
[ERROR - 2016-12-21T14:38:58.196Z] Session [67541730-c789-11e6-a2a4-edb004527f55] - page.onError - msg: undefined

  phantomjs://platform/console++.js:263 in error
[ERROR - 2016-12-21T14:38:58.196Z] Session [67541730-c789-11e6-a2a4-edb004527f55] - page.onError - stack:
  (anonymous function) (https://s7.addthis.com/js/300/addthis_widget.js#pubid=ra-54828cb901e9e86a:2)

  phantomjs://platform/console++.js:263 in error
[ERROR - 2016-12-21T14:39:02.241Z] Session [67541730-c789-11e6-a2a4-edb004527f55] - page.onError - msg: undefined

  phantomjs://platform/console++.js:263 in error
[ERROR - 2016-12-21T14:39:02.241Z] Session [67541730-c789-11e6-a2a4-edb004527f55] - page.onError - stack:
  (anonymous function) (https://s7.addthis.com/js/300/addthis_widget.js#pubid=ra-54828cb901e9e86a:2)

  phantomjs://platform/console++.js:263 in error
[ERROR - 2016-12-21T14:39:04.174Z] Session [67541730-c789-11e6-a2a4-edb004527f55] - page.onError - msg: undefined

  phantomjs://platform/console++.js:263 in error
[ERROR - 2016-12-21T14:39:04.174Z] Session [67541730-c789-11e6-a2a4-edb004527f55] - page.onError - stack:
  (anonymous function) (https://s7.addthis.com/js/300/addthis_widget.js#pubid=ra-54828cb901e9e86a:2)

  phantomjs://platform/console++.js:263 in error
[ERROR - 2016-12-21T14:39:06.115Z] Session [67541730-c789-11e6-a2a4-edb004527f55] - page.onError - msg: undefined

  phantomjs://platform/console++.js:263 in error
[ERROR - 2016-12-21T14:39:06.115Z] Session [67541730-c789-11e6-a2a4-edb004527f55] - page.onError - stack:
  (anonymous function) (https://s7.addthis.com/js/300/addthis_widget.js#pubid=ra-54828cb901e9e86a:2)

  phantomjs://platform/console++.js:263 in error
[ERROR - 2016-12-21T14:39:08.591Z] Session [67541730-c789-11e6-a2a4-edb004527f55] - page.onError - msg: undefined

  phantomjs://platform/console++.js:263 in error
[ERROR - 2016-12-21T14:39:08.591Z] Session [67541730-c789-11e6-a2a4-edb004527f55] - page.onError - stack:
  (anonymous function) (https://s7.addthis.com/js/300/addthis_widget.js#pubid=ra-54828cb901e9e86a:2)

  phantomjs://platform/console++.js:263 in error
[ERROR - 2016-12-21T14:39:10.455Z] Session [67541730-c789-11e6-a2a4-edb004527f55] - page.onError - msg: undefined

  phantomjs://platform/console++.js:263 in error
[ERROR - 2016-12-21T14:39:10.456Z] Session [67541730-c789-11e6-a2a4-edb004527f55] - page.onError - stack:
  (anonymous function) (https://s7.addthis.com/js/300/addthis_widget.js#pubid=ra-54828cb901e9e86a:2)

  phantomjs://platform/console++.js:263 in error
[ERROR - 2016-12-21T14:39:12.628Z] Session [67541730-c789-11e6-a2a4-edb004527f55] - page.onError - msg: undefined

  phantomjs://platform/console++.js:263 in error
[ERROR - 2016-12-21T14:39:12.628Z] Session [67541730-c789-11e6-a2a4-edb004527f55] - page.onError - stack:
  (anonymous function) (https://s7.addthis.com/js/300/addthis_widget.js#pubid=ra-54828cb901e9e86a:2)

  phantomjs://platform/console++.js:263 in error
[ERROR - 2016-12-21T14:39:14.895Z] Session [67541730-c789-11e6-a2a4-edb004527f55] - page.onError - msg: undefined

  phantomjs://platform/console++.js:263 in error
[ERROR - 2016-12-21T14:39:14.895Z] Session [67541730-c789-11e6-a2a4-edb004527f55] - page.onError - stack:
  (anonymous function) (https://s7.addthis.com/js/300/addthis_widget.js#pubid=ra-54828cb901e9e86a:2)

  phantomjs://platform/console++.js:263 in error
[ERROR - 2016-12-21T14:39:17.414Z] Session [67541730-c789-11e6-a2a4-edb004527f55] - page.onError - msg: undefined

  phantomjs://platform/console++.js:263 in error
[ERROR - 2016-12-21T14:39:17.414Z] Session [67541730-c789-11e6-a2a4-edb004527f55] - page.onError - stack:
  (anonymous function) (https://s7.addthis.com/js/300/addthis_widget.js#pubid=ra-54828cb901e9e86a:2)

  phantomjs://platform/console++.js:263 in error
[ERROR - 2016-12-21T14:39:19.669Z] Session [67541730-c789-11e6-a2a4-edb004527f55] - page.onError - msg: undefined

  phantomjs://platform/console++.js:263 in error
[ERROR - 2016-12-21T14:39:19.670Z] Session [67541730-c789-11e6-a2a4-edb004527f55] - page.onError - stack:
  (anonymous function) (https://s7.addthis.com/js/300/addthis_widget.js#pubid=ra-54828cb901e9e86a:2)

  phantomjs://platform/console++.js:263 in error
[ERROR - 2016-12-21T14:39:24.392Z] Session [67541730-c789-11e6-a2a4-edb004527f55] - page.onError - msg: undefined

  phantomjs://platform/console++.js:263 in error
[ERROR - 2016-12-21T14:39:24.392Z] Session [67541730-c789-11e6-a2a4-edb004527f55] - page.onError - stack:
  (anonymous function) (https://s7.addthis.com/js/300/addthis_widget.js#pubid=ra-54828cb901e9e86a:2)

  phantomjs://platform/console++.js:263 in error
[ERROR - 2016-12-21T14:39:26.498Z] Session [67541730-c789-11e6-a2a4-edb004527f55] - page.onError - msg: undefined

  phantomjs://platform/console++.js:263 in error
[ERROR - 2016-12-21T14:39:26.498Z] Session [67541730-c789-11e6-a2a4-edb004527f55] - page.onError - stack:
  (anonymous function) (https://s7.addthis.com/js/300/addthis_widget.js#pubid=ra-54828cb901e9e86a:2)

  phantomjs://platform/console++.js:263 in error
[ERROR - 2016-12-21T14:39:28.611Z] Session [67541730-c789-11e6-a2a4-edb004527f55] - page.onError - msg: undefined

  phantomjs://platform/console++.js:263 in error
[ERROR - 2016-12-21T14:39:28.612Z] Session [67541730-c789-11e6-a2a4-edb004527f55] - page.onError - stack:
  (anonymous function) (https://s7.addthis.com/js/300/addthis_widget.js#pubid=ra-54828cb901e9e86a:2)

  phantomjs://platform/console++.js:263 in error
[ERROR - 2016-12-21T14:39:30.698Z] Session [67541730-c789-11e6-a2a4-edb004527f55] - page.onError - msg: undefined

  phantomjs://platform/console++.js:263 in error
[ERROR - 2016-12-21T14:39:30.698Z] Session [67541730-c789-11e6-a2a4-edb004527f55] - page.onError - stack:
  (anonymous function) (https://s7.addthis.com/js/300/addthis_widget.js#pubid=ra-54828cb901e9e86a:2)

  phantomjs://platform/console++.js:263 in error
[ERROR - 2016-12-21T14:39:32.697Z] Session [67541730-c789-11e6-a2a4-edb004527f55] - page.onError - msg: undefined

  phantomjs://platform/console++.js:263 in error
[ERROR - 2016-12-21T14:39:32.697Z] Session [67541730-c789-11e6-a2a4-edb004527f55] - page.onError - stack:
  (anonymous function) (https://s7.addthis.com/js/300/addthis_widget.js#pubid=ra-54828cb901e9e86a:2)

  phantomjs://platform/console++.js:263 in error
[ERROR - 2016-12-21T14:39:34.992Z] Session [67541730-c789-11e6-a2a4-edb004527f55] - page.onError - msg: undefined

  phantomjs://platform/console++.js:263 in error
[ERROR - 2016-12-21T14:39:34.992Z] Session [67541730-c789-11e6-a2a4-edb004527f55] - page.onError - stack:
  (anonymous function) (https://s7.addthis.com/js/300/addthis_widget.js#pubid=ra-54828cb901e9e86a:2)

  phantomjs://platform/console++.js:263 in error
[ERROR - 2016-12-21T14:39:37.422Z] Session [67541730-c789-11e6-a2a4-edb004527f55] - page.onError - msg: undefined

  phantomjs://platform/console++.js:263 in error
[ERROR - 2016-12-21T14:39:37.422Z] Session [67541730-c789-11e6-a2a4-edb004527f55] - page.onError - stack:
  (anonymous function) (https://s7.addthis.com/js/300/addthis_widget.js#pubid=ra-54828cb901e9e86a:2)

  phantomjs://platform/console++.js:263 in error
[ERROR - 2016-12-21T14:39:39.908Z] Session [67541730-c789-11e6-a2a4-edb004527f55] - page.onError - msg: undefined

  phantomjs://platform/console++.js:263 in error
[ERROR - 2016-12-21T14:39:39.908Z] Session [67541730-c789-11e6-a2a4-edb004527f55] - page.onError - stack:
  (anonymous function) (https://s7.addthis.com/js/300/addthis_widget.js#pubid=ra-54828cb901e9e86a:2)

  phantomjs://platform/console++.js:263 in error
[ERROR - 2016-12-21T14:39:42.135Z] Session [67541730-c789-11e6-a2a4-edb004527f55] - page.onError - msg: undefined

  phantomjs://platform/console++.js:263 in error
[ERROR - 2016-12-21T14:39:42.135Z] Session [67541730-c789-11e6-a2a4-edb004527f55] - page.onError - stack:
  (anonymous function) (https://s7.addthis.com/js/300/addthis_widget.js#pubid=ra-54828cb901e9e86a:2)

  phantomjs://platform/console++.js:263 in error
[ERROR - 2016-12-21T14:39:43.914Z] Session [67541730-c789-11e6-a2a4-edb004527f55] - page.onError - msg: undefined

  phantomjs://platform/console++.js:263 in error
[ERROR - 2016-12-21T14:39:43.914Z] Session [67541730-c789-11e6-a2a4-edb004527f55] - page.onError - stack:
  (anonymous function) (https://s7.addthis.com/js/300/addthis_widget.js#pubid=ra-54828cb901e9e86a:2)

  phantomjs://platform/console++.js:263 in error
[ERROR - 2016-12-21T14:39:45.977Z] Session [67541730-c789-11e6-a2a4-edb004527f55] - page.onError - msg: undefined

  phantomjs://platform/console++.js:263 in error
[ERROR - 2016-12-21T14:39:45.977Z] Session [67541730-c789-11e6-a2a4-edb004527f55] - page.onError - stack:
  (anonymous function) (https://s7.addthis.com/js/300/addthis_widget.js#pubid=ra-54828cb901e9e86a:2)

  phantomjs://platform/console++.js:263 in error
[ERROR - 2016-12-21T14:39:48.019Z] Session [67541730-c789-11e6-a2a4-edb004527f55] - page.onError - msg: undefined

  phantomjs://platform/console++.js:263 in error
[ERROR - 2016-12-21T14:39:48.019Z] Session [67541730-c789-11e6-a2a4-edb004527f55] - page.onError - stack:
  (anonymous function) (https://s7.addthis.com/js/300/addthis_widget.js#pubid=ra-54828cb901e9e86a:2)

  phantomjs://platform/console++.js:263 in error
[ERROR - 2016-12-21T14:39:50.145Z] Session [67541730-c789-11e6-a2a4-edb004527f55] - page.onError - msg: undefined

  phantomjs://platform/console++.js:263 in error
[ERROR - 2016-12-21T14:39:50.145Z] Session [67541730-c789-11e6-a2a4-edb004527f55] - page.onError - stack:
  (anonymous function) (https://s7.addthis.com/js/300/addthis_widget.js#pubid=ra-54828cb901e9e86a:2)

  phantomjs://platform/console++.js:263 in error
[ERROR - 2016-12-21T14:39:55.064Z] Session [67541730-c789-11e6-a2a4-edb004527f55] - page.onError - msg: undefined

  phantomjs://platform/console++.js:263 in error
[ERROR - 2016-12-21T14:39:55.064Z] Session [67541730-c789-11e6-a2a4-edb004527f55] - page.onError - stack:
  (anonymous function) (https://s7.addthis.com/js/300/addthis_widget.js#pubid=ra-54828cb901e9e86a:2)

  phantomjs://platform/console++.js:263 in error
[ERROR - 2016-12-21T14:39:57.090Z] Session [67541730-c789-11e6-a2a4-edb004527f55] - page.onError - msg: undefined

  phantomjs://platform/console++.js:263 in error
[ERROR - 2016-12-21T14:39:57.090Z] Session [67541730-c789-11e6-a2a4-edb004527f55] - page.onError - stack:
  (anonymous function) (https://s7.addthis.com/js/300/addthis_widget.js#pubid=ra-54828cb901e9e86a:2)

  phantomjs://platform/console++.js:263 in error
[ERROR - 2016-12-21T14:39:59.380Z] Session [67541730-c789-11e6-a2a4-edb004527f55] - page.onError - msg: undefined

  phantomjs://platform/console++.js:263 in error
[ERROR - 2016-12-21T14:39:59.380Z] Session [67541730-c789-11e6-a2a4-edb004527f55] - page.onError - stack:
  (anonymous function) (https://s7.addthis.com/js/300/addthis_widget.js#pubid=ra-54828cb901e9e86a:2)

  phantomjs://platform/console++.js:263 in error
[ERROR - 2016-12-21T14:40:01.617Z] Session [67541730-c789-11e6-a2a4-edb004527f55] - page.onError - msg: undefined

  phantomjs://platform/console++.js:263 in error
[ERROR - 2016-12-21T14:40:01.617Z] Session [67541730-c789-11e6-a2a4-edb004527f55] - page.onError - stack:
  (anonymous function) (https://s7.addthis.com/js/300/addthis_widget.js#pubid=ra-54828cb901e9e86a:2)

  phantomjs://platform/console++.js:263 in error
[ERROR - 2016-12-21T14:40:17.370Z] Session [67541730-c789-11e6-a2a4-edb004527f55] - page.onError - msg: undefined

  phantomjs://platform/console++.js:263 in error
[ERROR - 2016-12-21T14:40:17.371Z] Session [67541730-c789-11e6-a2a4-edb004527f55] - page.onError - stack:
  (anonymous function) (https://s7.addthis.com/js/300/addthis_widget.js#pubid=ra-54828cb901e9e86a:2)

  phantomjs://platform/console++.js:263 in error
[ERROR - 2016-12-21T14:40:19.596Z] Session [67541730-c789-11e6-a2a4-edb004527f55] - page.onError - msg: undefined

  phantomjs://platform/console++.js:263 in error
[ERROR - 2016-12-21T14:40:19.596Z] Session [67541730-c789-11e6-a2a4-edb004527f55] - page.onError - stack:
  (anonymous function) (https://s7.addthis.com/js/300/addthis_widget.js#pubid=ra-54828cb901e9e86a:2)

  phantomjs://platform/console++.js:263 in error
[ERROR - 2016-12-21T14:40:26.537Z] Session [67541730-c789-11e6-a2a4-edb004527f55] - page.onError - msg: undefined

  phantomjs://platform/console++.js:263 in error
[ERROR - 2016-12-21T14:40:26.537Z] Session [67541730-c789-11e6-a2a4-edb004527f55] - page.onError - stack:
  (anonymous function) (https://s7.addthis.com/js/300/addthis_widget.js#pubid=ra-54828cb901e9e86a:2)

  phantomjs://platform/console++.js:263 in error
[ERROR - 2016-12-21T14:40:28.878Z] Session [67541730-c789-11e6-a2a4-edb004527f55] - page.onError - msg: undefined

  phantomjs://platform/console++.js:263 in error
[ERROR - 2016-12-21T14:40:28.878Z] Session [67541730-c789-11e6-a2a4-edb004527f55] - page.onError - stack:
  (anonymous function) (https://s7.addthis.com/js/300/addthis_widget.js#pubid=ra-54828cb901e9e86a:2)

  phantomjs://platform/console++.js:263 in error
[ERROR - 2016-12-21T14:40:34.632Z] Session [67541730-c789-11e6-a2a4-edb004527f55] - page.onError - msg: undefined

  phantomjs://platform/console++.js:263 in error
[ERROR - 2016-12-21T14:40:34.632Z] Session [67541730-c789-11e6-a2a4-edb004527f55] - page.onError - stack:
  (anonymous function) (https://s7.addthis.com/js/300/addthis_widget.js#pubid=ra-54828cb901e9e86a:2)

  phantomjs://platform/console++.js:263 in error
[ERROR - 2016-12-21T14:40:36.891Z] Session [67541730-c789-11e6-a2a4-edb004527f55] - page.onError - msg: undefined

  phantomjs://platform/console++.js:263 in error
[ERROR - 2016-12-21T14:40:36.891Z] Session [67541730-c789-11e6-a2a4-edb004527f55] - page.onError - stack:
  (anonymous function) (https://s7.addthis.com/js/300/addthis_widget.js#pubid=ra-54828cb901e9e86a:2)

  phantomjs://platform/console++.js:263 in error
[ERROR - 2016-12-21T14:40:38.865Z] Session [67541730-c789-11e6-a2a4-edb004527f55] - page.onError - msg: undefined

  phantomjs://platform/console++.js:263 in error
[ERROR - 2016-12-21T14:40:38.865Z] Session [67541730-c789-11e6-a2a4-edb004527f55] - page.onError - stack:
  (anonymous function) (https://s7.addthis.com/js/300/addthis_widget.js#pubid=ra-54828cb901e9e86a:2)

  phantomjs://platform/console++.js:263 in error
[ERROR - 2016-12-21T14:40:40.660Z] Session [67541730-c789-11e6-a2a4-edb004527f55] - page.onError - msg: TypeError: undefined is not an object (evaluating 'data.length')

  phantomjs://platform/console++.js:263 in error
[ERROR - 2016-12-21T14:40:40.660Z] Session [67541730-c789-11e6-a2a4-edb004527f55] - page.onError - stack:
  getPercentile (https://leetcode.com/static/pages/js/submission/submission_detail.js:57)
  renderPlot (https://leetcode.com/static/pages/js/submission/submission_detail.js:124)
  (anonymous function) (https://leetcode.com/static/pages/js/submission/submission_detail.js:194)
  j (https://leetcode.com/static/jquery/dist/jquery.min.js:2)
  fireWith (https://leetcode.com/static/jquery/dist/jquery.min.js:2)
  ready (https://leetcode.com/static/jquery/dist/jquery.min.js:2)
  J (https://leetcode.com/static/jquery/dist/jquery.min.js:2)

  phantomjs://platform/console++.js:263 in error
[ERROR - 2016-12-21T14:40:41.001Z] Session [67541730-c789-11e6-a2a4-edb004527f55] - page.onError - msg: undefined

  phantomjs://platform/console++.js:263 in error
[ERROR - 2016-12-21T14:40:41.001Z] Session [67541730-c789-11e6-a2a4-edb004527f55] - page.onError - stack:
  (anonymous function) (https://s7.addthis.com/js/300/addthis_widget.js#pubid=ra-54828cb901e9e86a:2)

  phantomjs://platform/console++.js:263 in error
[ERROR - 2016-12-21T14:40:42.997Z] Session [67541730-c789-11e6-a2a4-edb004527f55] - page.onError - msg: undefined

  phantomjs://platform/console++.js:263 in error
[ERROR - 2016-12-21T14:40:42.997Z] Session [67541730-c789-11e6-a2a4-edb004527f55] - page.onError - stack:
  (anonymous function) (https://s7.addthis.com/js/300/addthis_widget.js#pubid=ra-54828cb901e9e86a:2)

  phantomjs://platform/console++.js:263 in error
[INFO  - 2016-12-21T14:41:03.017Z] SessionManagerReqHand - _cleanupWindowlessSessions - Asynchronous Sessions clean-up phase starting NOW
[INFO  - 2016-12-21T14:46:03.017Z] SessionManagerReqHand - _cleanupWindowlessSessions - Asynchronous Sessions clean-up phase starting NOW
[INFO  - 2016-12-21T14:51:03.018Z] SessionManagerReqHand - _cleanupWindowlessSessions - Asynchronous Sessions clean-up phase starting NOW
[INFO  - 2016-12-21T14:56:03.017Z] SessionManagerReqHand - _cleanupWindowlessSessions - Asynchronous Sessions clean-up phase starting NOW
[INFO  - 2016-12-22T06:16:40.926Z] SessionManagerReqHand - _cleanupWindowlessSessions - Asynchronous Sessions clean-up phase starting NOW
[INFO  - 2016-12-22T06:21:40.926Z] SessionManagerReqHand - _cleanupWindowlessSessions - Asynchronous Sessions clean-up phase starting NOW
[INFO  - 2016-12-22T06:26:40.926Z] SessionManagerReqHand - _cleanupWindowlessSessions - Asynchronous Sessions clean-up phase starting NOW
[INFO  - 2016-12-22T06:31:40.926Z] SessionManagerReqHand - _cleanupWindowlessSessions - Asynchronous Sessions clean-up phase starting NOW
[INFO  - 2016-12-22T06:36:40.926Z] SessionManagerReqHand - _cleanupWindowlessSessions - Asynchronous Sessions clean-up phase starting NOW
[INFO  - 2016-12-22T06:41:40.926Z] SessionManagerReqHand - _cleanupWindowlessSessions - Asynchronous Sessions clean-up phase starting NOW
